<?xml version="1.0" encoding="UTF-8"?>
<coverage generated="1778432050274" clover="3.2.0">
  <project timestamp="1778432050274" name="All files">
    <metrics statements="186" coveredstatements="124" conditionals="210" coveredconditionals="108" methods="96" coveredmethods="52" elements="492" coveredelements="284" complexity="0" loc="186" ncloc="186" packages="1" files="1" classes="1"/>
    <file name="App.jsx" path="C:\Users\sahit\OneDrive\Desktop\Btech\VI\software engineering\Project\se_trial\se_project\frontend\src\App.jsx">
      <metrics statements="186" coveredstatements="124" conditionals="210" coveredconditionals="108" methods="96" coveredmethods="52"/>
      <line num="4" count="1" type="stmt"/>
      <line num="11" count="1" type="stmt"/>
      <line num="26" count="5" type="cond" truecount="1" falsecount="3"/>
      <line num="27" count="5" type="cond" truecount="3" falsecount="1"/>
      <line num="29" count="1" type="cond" truecount="0" falsecount="1"/>
      <line num="30" count="14" type="stmt"/>
      <line num="34" count="1" type="cond" truecount="1" falsecount="0"/>
      <line num="35" count="4" type="stmt"/>
      <line num="39" count="3" type="stmt"/>
      <line num="40" count="1" type="cond" truecount="1" falsecount="0"/>
      <line num="41" count="75" type="stmt"/>
      <line num="43" count="1" type="stmt"/>
      <line num="44" count="12" type="stmt"/>
      <line num="49" count="19" type="cond" truecount="3" falsecount="1"/>
      <line num="50" count="19" type="stmt"/>
      <line num="64" count="38" type="stmt"/>
      <line num="91" count="1" type="stmt"/>
      <line num="95" count="0" type="stmt"/>
      <line num="96" count="0" type="stmt"/>
      <line num="113" count="4" type="stmt"/>
      <line num="161" count="0" type="stmt"/>
      <line num="188" count="10" type="stmt"/>
      <line num="189" count="10" type="stmt"/>
      <line num="190" count="10" type="stmt"/>
      <line num="191" count="10" type="stmt"/>
      <line num="192" count="10" type="stmt"/>
      <line num="193" count="10" type="stmt"/>
      <line num="194" count="10" type="stmt"/>
      <line num="195" count="10" type="stmt"/>
      <line num="196" count="10" type="stmt"/>
      <line num="201" count="10" type="stmt"/>
      <line num="202" count="2" type="stmt"/>
      <line num="203" count="2" type="stmt"/>
      <line num="204" count="0" type="stmt"/>
      <line num="205" count="2" type="stmt"/>
      <line num="207" count="10" type="stmt"/>
      <line num="208" count="2" type="stmt"/>
      <line num="210" count="10" type="stmt"/>
      <line num="211" count="0" type="stmt"/>
      <line num="212" count="0" type="stmt"/>
      <line num="213" count="0" type="stmt"/>
      <line num="214" count="0" type="stmt"/>
      <line num="216" count="10" type="stmt"/>
      <line num="235" count="6" type="stmt"/>
      <line num="239" count="0" type="stmt"/>
      <line num="240" count="0" type="stmt"/>
      <line num="253" count="0" type="stmt"/>
      <line num="255" count="12" type="stmt"/>
      <line num="260" count="8" type="stmt"/>
      <line num="277" count="16" type="stmt"/>
      <line num="280" count="4" type="stmt"/>
      <line num="281" count="0" type="cond" truecount="0" falsecount="4"/>
      <line num="310" count="12" type="stmt"/>
      <line num="311" count="12" type="stmt"/>
      <line num="312" count="12" type="stmt"/>
      <line num="313" count="12" type="stmt"/>
      <line num="314" count="12" type="stmt"/>
      <line num="315" count="12" type="stmt"/>
      <line num="316" count="12" type="stmt"/>
      <line num="317" count="12" type="stmt"/>
      <line num="318" count="12" type="stmt"/>
      <line num="319" count="12" type="stmt"/>
      <line num="320" count="12" type="stmt"/>
      <line num="321" count="12" type="stmt"/>
      <line num="322" count="12" type="cond" truecount="1" falsecount="1"/>
      <line num="323" count="12" type="stmt"/>
      <line num="324" count="1" type="cond" truecount="1" falsecount="1"/>
      <line num="325" count="0" type="stmt"/>
      <line num="326" count="0" type="stmt"/>
      <line num="328" count="12" type="stmt"/>
      <line num="329" count="12" type="cond" truecount="1" falsecount="0"/>
      <line num="330" count="1" type="cond" truecount="1" falsecount="1"/>
      <line num="331" count="1" type="stmt"/>
      <line num="332" count="1" type="stmt"/>
      <line num="333" count="1" type="stmt"/>
      <line num="334" count="1" type="stmt"/>
      <line num="335" count="1" type="cond" truecount="1" falsecount="1"/>
      <line num="336" count="0" type="cond" truecount="0" falsecount="2"/>
      <line num="337" count="0" type="cond" truecount="0" falsecount="2"/>
      <line num="340" count="0" type="stmt"/>
      <line num="342" count="1" type="cond" truecount="1" falsecount="1"/>
      <line num="343" count="1" type="stmt"/>
      <line num="346" count="12" type="cond" truecount="1" falsecount="0"/>
      <line num="347" count="3" type="stmt"/>
      <line num="348" count="3" type="stmt"/>
      <line num="350" count="12" type="stmt"/>
      <line num="351" count="3" type="cond" truecount="1" falsecount="1"/>
      <line num="352" count="3" type="stmt"/>
      <line num="353" count="3" type="cond" truecount="2" falsecount="0"/>
      <line num="354" count="1" type="stmt"/>
      <line num="355" count="1" type="stmt"/>
      <line num="356" count="2" type="cond" truecount="2" falsecount="0"/>
      <line num="357" count="1" type="stmt"/>
      <line num="358" count="1" type="stmt"/>
      <line num="359" count="1" type="cond" truecount="1" falsecount="1"/>
      <line num="360" count="1" type="cond" truecount="1" falsecount="1"/>
      <line num="361" count="1" type="stmt"/>
      <line num="362" count="1" type="stmt"/>
      <line num="363" count="1" type="stmt"/>
      <line num="364" count="1" type="stmt"/>
      <line num="365" count="1" type="stmt"/>
      <line num="366" count="1" type="stmt"/>
      <line num="367" count="1" type="stmt"/>
      <line num="368" count="1" type="stmt"/>
      <line num="371" count="0" type="stmt"/>
      <line num="372" count="1" type="stmt"/>
      <line num="374" count="0" type="stmt"/>
      <line num="375" count="0" type="stmt"/>
      <line num="377" count="0" type="stmt"/>
      <line num="379" count="12" type="stmt"/>
      <line num="380" count="12" type="stmt"/>
      <line num="381" count="12" type="stmt"/>
      <line num="382" count="12" type="stmt"/>
      <line num="394" count="40" type="cond" truecount="2" falsecount="0"/>
      <line num="421" count="3" type="stmt"/>
      <line num="422" count="0" type="cond" truecount="0" falsecount="2"/>
      <line num="437" count="0" type="stmt"/>
      <line num="445" count="0" type="cond" truecount="0" falsecount="2"/>
      <line num="455" count="0" type="stmt"/>
      <line num="470" count="0" type="stmt"/>
      <line num="471" count="0" type="stmt"/>
      <line num="495" count="7" type="stmt"/>
      <line num="496" count="7" type="stmt"/>
      <line num="497" count="7" type="stmt"/>
      <line num="498" count="7" type="stmt"/>
      <line num="499" count="7" type="stmt"/>
      <line num="500" count="7" type="stmt"/>
      <line num="501" count="7" type="stmt"/>
      <line num="502" count="7" type="stmt"/>
      <line num="503" count="1" type="stmt"/>
      <line num="504" count="1" type="stmt"/>
      <line num="505" count="0" type="stmt"/>
      <line num="506" count="1" type="stmt"/>
      <line num="508" count="7" type="stmt"/>
      <line num="509" count="1" type="cond" truecount="1" falsecount="1"/>
      <line num="510" count="1" type="stmt"/>
      <line num="511" count="1" type="stmt"/>
      <line num="512" count="1" type="cond" truecount="1" falsecount="1"/>
      <line num="513" count="1" type="stmt"/>
      <line num="514" count="0" type="stmt"/>
      <line num="515" count="1" type="stmt"/>
      <line num="517" count="7" type="stmt"/>
      <line num="518" count="7" type="stmt"/>
      <line num="519" count="7" type="cond" truecount="1" falsecount="1"/>
      <line num="520" count="7" type="stmt"/>
      <line num="521" count="7" type="stmt"/>
      <line num="523" count="0" type="stmt"/>
      <line num="527" count="21" type="stmt"/>
      <line num="536" count="0" type="stmt"/>
      <line num="541" count="1" type="stmt"/>
      <line num="556" count="1" type="stmt"/>
      <line num="566" count="0" type="stmt"/>
      <line num="567" count="0" type="stmt"/>
      <line num="568" count="0" type="stmt"/>
      <line num="569" count="0" type="stmt"/>
      <line num="570" count="0" type="stmt"/>
      <line num="571" count="0" type="stmt"/>
      <line num="572" count="0" type="stmt"/>
      <line num="573" count="0" type="stmt"/>
      <line num="574" count="0" type="stmt"/>
      <line num="575" count="0" type="stmt"/>
      <line num="576" count="0" type="stmt"/>
      <line num="577" count="0" type="stmt"/>
      <line num="579" count="0" type="stmt"/>
      <line num="580" count="0" type="stmt"/>
      <line num="581" count="0" type="stmt"/>
      <line num="582" count="0" type="stmt"/>
      <line num="583" count="0" type="stmt"/>
      <line num="585" count="0" type="stmt"/>
      <line num="586" count="0" type="stmt"/>
      <line num="588" count="0" type="stmt"/>
      <line num="598" count="0" type="stmt"/>
      <line num="609" count="0" type="stmt"/>
      <line num="610" count="0" type="stmt"/>
      <line num="622" count="0" type="stmt"/>
      <line num="627" count="0" type="stmt"/>
      <line num="639" count="0" type="stmt"/>
      <line num="654" count="0" type="cond" truecount="0" falsecount="2"/>
      <line num="655" count="0" type="cond" truecount="0" falsecount="2"/>
      <line num="656" count="0" type="stmt"/>
      <line num="668" count="0" type="cond" truecount="0" falsecount="2"/>
      <line num="687" count="5" type="stmt"/>
      <line num="688" count="4" type="cond" truecount="2" falsecount="0"/>
      <line num="689" count="2" type="cond" truecount="2" falsecount="0"/>
      <line num="690" count="1" type="cond" truecount="1" falsecount="1"/>
      <line num="691" count="0" type="cond" truecount="0" falsecount="2"/>
    </file>
  </project>
</coverage>
