{"C:\\Users\\sahit\\OneDrive\\Desktop\\Btech\\VI\\software engineering\\Project\\se_trial\\se_project\\frontend\\src\\App.jsx": {"path":"C:\\Users\\sahit\\OneDrive\\Desktop\\Btech\\VI\\software engineering\\Project\\se_trial\\se_project\\frontend\\src\\App.jsx","statementMap":{"0":{"start":{"line":4,"column":10},"end":{"line":9,"column":1}},"1":{"start":{"line":11,"column":17},"end":{"line":24,"column":1}},"2":{"start":{"line":26,"column":13},"end":{"line":26,"column":61}},"3":{"start":{"line":26,"column":16},"end":{"line":26,"column":61}},"4":{"start":{"line":27,"column":13},"end":{"line":27,"column":73}},"5":{"start":{"line":27,"column":16},"end":{"line":27,"column":73}},"6":{"start":{"line":29,"column":12},"end":{"line":33,"column":1}},"7":{"start":{"line":30,"column":2},"end":{"line":32,"column":78}},"8":{"start":{"line":34,"column":14},"end":{"line":38,"column":1}},"9":{"start":{"line":35,"column":2},"end":{"line":37,"column":81}},"10":{"start":{"line":39,"column":13},"end":{"line":39,"column":95}},"11":{"start":{"line":39,"column":17},"end":{"line":39,"column":95}},"12":{"start":{"line":40,"column":11},"end":{"line":42,"column":1}},"13":{"start":{"line":41,"column":2},"end":{"line":41,"column":109}},"14":{"start":{"line":43,"column":12},"end":{"line":46,"column":1}},"15":{"start":{"line":44,"column":2},"end":{"line":45,"column":81}},"16":{"start":{"line":49,"column":15},"end":{"line":49,"column":81}},"17":{"start":{"line":50,"column":2},"end":{"line":87,"column":4}},"18":{"start":{"line":64,"column":14},"end":{"line":70,"column":23}},"19":{"start":{"line":64,"column":47},"end":{"line":64,"column":66}},"20":{"start":{"line":91,"column":2},"end":{"line":109,"column":4}},"21":{"start":{"line":95,"column":23},"end":{"line":95,"column":67}},"22":{"start":{"line":96,"column":23},"end":{"line":96,"column":65}},"23":{"start":{"line":113,"column":2},"end":{"line":184,"column":4}},"24":{"start":{"line":161,"column":14},"end":{"line":178,"column":20}},"25":{"start":{"line":188,"column":23},"end":{"line":188,"column":37}},"26":{"start":{"line":189,"column":23},"end":{"line":189,"column":40}},"27":{"start":{"line":190,"column":23},"end":{"line":190,"column":35}},"28":{"start":{"line":191,"column":25},"end":{"line":191,"column":37}},"29":{"start":{"line":192,"column":31},"end":{"line":192,"column":43}},"30":{"start":{"line":193,"column":31},"end":{"line":193,"column":43}},"31":{"start":{"line":194,"column":25},"end":{"line":194,"column":37}},"32":{"start":{"line":195,"column":29},"end":{"line":195,"column":44}},"33":{"start":{"line":196,"column":14},"end":{"line":200,"column":3}},"34":{"start":{"line":201,"column":20},"end":{"line":206,"column":3}},"35":{"start":{"line":202,"column":4},"end":{"line":202,"column":17}},"36":{"start":{"line":202,"column":17},"end":{"line":202,"column":34}},"37":{"start":{"line":203,"column":4},"end":{"line":205,"column":31}},"38":{"start":{"line":203,"column":19},"end":{"line":203,"column":60}},"39":{"start":{"line":203,"column":61},"end":{"line":203,"column":75}},"40":{"start":{"line":204,"column":13},"end":{"line":204,"column":33}},"41":{"start":{"line":205,"column":12},"end":{"line":205,"column":30}},"42":{"start":{"line":207,"column":24},"end":{"line":209,"column":3}},"43":{"start":{"line":208,"column":4},"end":{"line":208,"column":16}},"44":{"start":{"line":208,"column":16},"end":{"line":208,"column":29}},"45":{"start":{"line":208,"column":29},"end":{"line":208,"column":45}},"46":{"start":{"line":208,"column":45},"end":{"line":208,"column":61}},"47":{"start":{"line":208,"column":61},"end":{"line":208,"column":74}},"48":{"start":{"line":210,"column":21},"end":{"line":215,"column":3}},"49":{"start":{"line":211,"column":4},"end":{"line":211,"column":17}},"50":{"start":{"line":211,"column":17},"end":{"line":211,"column":34}},"51":{"start":{"line":212,"column":4},"end":{"line":214,"column":31}},"52":{"start":{"line":212,"column":19},"end":{"line":212,"column":67}},"53":{"start":{"line":212,"column":68},"end":{"line":212,"column":82}},"54":{"start":{"line":213,"column":13},"end":{"line":213,"column":33}},"55":{"start":{"line":214,"column":12},"end":{"line":214,"column":30}},"56":{"start":{"line":216,"column":2},"end":{"line":306,"column":4}},"57":{"start":{"line":235,"column":14},"end":{"line":247,"column":23}},"58":{"start":{"line":235,"column":48},"end":{"line":235,"column":63}},"59":{"start":{"line":235,"column":63},"end":{"line":235,"column":80}},"60":{"start":{"line":235,"column":80},"end":{"line":235,"column":98}},"61":{"start":{"line":239,"column":34},"end":{"line":239,"column":77}},"62":{"start":{"line":239,"column":77},"end":{"line":239,"column":122}},"63":{"start":{"line":240,"column":34},"end":{"line":240,"column":77}},"64":{"start":{"line":240,"column":77},"end":{"line":240,"column":120}},"65":{"start":{"line":253,"column":36},"end":{"line":253,"column":50}},"66":{"start":{"line":253,"column":50},"end":{"line":253,"column":67}},"67":{"start":{"line":253,"column":67},"end":{"line":253,"column":85}},"68":{"start":{"line":255,"column":35},"end":{"line":255,"column":47}},"69":{"start":{"line":260,"column":18},"end":{"line":266,"column":27}},"70":{"start":{"line":260,"column":50},"end":{"line":260,"column":63}},"71":{"start":{"line":260,"column":63},"end":{"line":260,"column":76}},"72":{"start":{"line":277,"column":14},"end":{"line":284,"column":20}},"73":{"start":{"line":280,"column":31},"end":{"line":280,"column":52}},"74":{"start":{"line":281,"column":32},"end":{"line":281,"column":95}},"75":{"start":{"line":310,"column":23},"end":{"line":310,"column":39}},"76":{"start":{"line":311,"column":29},"end":{"line":311,"column":41}},"77":{"start":{"line":312,"column":29},"end":{"line":312,"column":44}},"78":{"start":{"line":313,"column":49},"end":{"line":313,"column":64}},"79":{"start":{"line":314,"column":31},"end":{"line":314,"column":124}},"80":{"start":{"line":315,"column":25},"end":{"line":315,"column":37}},"81":{"start":{"line":316,"column":25},"end":{"line":316,"column":41}},"82":{"start":{"line":317,"column":25},"end":{"line":317,"column":37}},"83":{"start":{"line":318,"column":27},"end":{"line":318,"column":42}},"84":{"start":{"line":319,"column":31},"end":{"line":319,"column":45}},"85":{"start":{"line":320,"column":18},"end":{"line":320,"column":30}},"86":{"start":{"line":321,"column":2},"end":{"line":321,"column":37}},"87":{"start":{"line":321,"column":17},"end":{"line":321,"column":31}},"88":{"start":{"line":322,"column":2},"end":{"line":322,"column":65}},"89":{"start":{"line":322,"column":17},"end":{"line":322,"column":55}},"90":{"start":{"line":322,"column":37},"end":{"line":322,"column":55}},"91":{"start":{"line":323,"column":2},"end":{"line":327,"column":21}},"92":{"start":{"line":324,"column":4},"end":{"line":324,"column":31}},"93":{"start":{"line":324,"column":24},"end":{"line":324,"column":31}},"94":{"start":{"line":325,"column":16},"end":{"line":325,"column":58}},"95":{"start":{"line":325,"column":33},"end":{"line":325,"column":51}},"96":{"start":{"line":326,"column":4},"end":{"line":326,"column":35}},"97":{"start":{"line":326,"column":14},"end":{"line":326,"column":34}},"98":{"start":{"line":328,"column":2},"end":{"line":328,"column":93}},"99":{"start":{"line":328,"column":17},"end":{"line":328,"column":72}},"100":{"start":{"line":329,"column":20},"end":{"line":345,"column":3}},"101":{"start":{"line":330,"column":4},"end":{"line":331,"column":26}},"102":{"start":{"line":330,"column":14},"end":{"line":330,"column":41}},"103":{"start":{"line":331,"column":9},"end":{"line":331,"column":26}},"104":{"start":{"line":332,"column":4},"end":{"line":344,"column":5}},"105":{"start":{"line":333,"column":24},"end":{"line":333,"column":52}},"106":{"start":{"line":334,"column":6},"end":{"line":334,"column":30}},"107":{"start":{"line":335,"column":6},"end":{"line":338,"column":7}},"108":{"start":{"line":336,"column":30},"end":{"line":336,"column":105}},"109":{"start":{"line":336,"column":50},"end":{"line":336,"column":104}},"110":{"start":{"line":337,"column":8},"end":{"line":337,"column":56}},"111":{"start":{"line":337,"column":27},"end":{"line":337,"column":56}},"112":{"start":{"line":340,"column":13},"end":{"line":340,"column":30}},"113":{"start":{"line":342,"column":6},"end":{"line":343,"column":29}},"114":{"start":{"line":342,"column":16},"end":{"line":342,"column":44}},"115":{"start":{"line":343,"column":11},"end":{"line":343,"column":29}},"116":{"start":{"line":346,"column":15},"end":{"line":349,"column":3}},"117":{"start":{"line":347,"column":4},"end":{"line":347,"column":20}},"118":{"start":{"line":348,"column":4},"end":{"line":348,"column":87}},"119":{"start":{"line":348,"column":20},"end":{"line":348,"column":37}},"120":{"start":{"line":348,"column":37},"end":{"line":348,"column":78}},"121":{"start":{"line":348,"column":52},"end":{"line":348,"column":76}},"122":{"start":{"line":350,"column":19},"end":{"line":378,"column":3}},"123":{"start":{"line":351,"column":14},"end":{"line":351,"column":26}},"124":{"start":{"line":351,"column":27},"end":{"line":351,"column":42}},"125":{"start":{"line":351,"column":35},"end":{"line":351,"column":42}},"126":{"start":{"line":352,"column":4},"end":{"line":352,"column":50}},"127":{"start":{"line":352,"column":19},"end":{"line":352,"column":48}},"128":{"start":{"line":352,"column":50},"end":{"line":352,"column":63}},"129":{"start":{"line":353,"column":4},"end":{"line":377,"column":67}},"130":{"start":{"line":354,"column":6},"end":{"line":354,"column":30}},"131":{"start":{"line":354,"column":30},"end":{"line":354,"column":47}},"132":{"start":{"line":355,"column":6},"end":{"line":355,"column":67}},"133":{"start":{"line":356,"column":10},"end":{"line":377,"column":67}},"134":{"start":{"line":357,"column":6},"end":{"line":357,"column":37}},"135":{"start":{"line":357,"column":19},"end":{"line":357,"column":34}},"136":{"start":{"line":357,"column":37},"end":{"line":357,"column":57}},"137":{"start":{"line":358,"column":6},"end":{"line":358,"column":127}},"138":{"start":{"line":359,"column":10},"end":{"line":377,"column":67}},"139":{"start":{"line":360,"column":6},"end":{"line":376,"column":7}},"140":{"start":{"line":361,"column":8},"end":{"line":361,"column":31}},"141":{"start":{"line":362,"column":8},"end":{"line":362,"column":48}},"142":{"start":{"line":363,"column":8},"end":{"line":371,"column":49}},"143":{"start":{"line":364,"column":23},"end":{"line":364,"column":106}},"144":{"start":{"line":365,"column":10},"end":{"line":365,"column":39}},"145":{"start":{"line":365,"column":24},"end":{"line":365,"column":37}},"146":{"start":{"line":366,"column":10},"end":{"line":370,"column":18}},"147":{"start":{"line":367,"column":12},"end":{"line":367,"column":29}},"148":{"start":{"line":368,"column":12},"end":{"line":369,"column":212}},"149":{"start":{"line":368,"column":27},"end":{"line":369,"column":210}},"150":{"start":{"line":371,"column":18},"end":{"line":371,"column":48}},"151":{"start":{"line":372,"column":8},"end":{"line":372,"column":25}},"152":{"start":{"line":372,"column":25},"end":{"line":372,"column":38}},"153":{"start":{"line":374,"column":8},"end":{"line":374,"column":25}},"154":{"start":{"line":374,"column":25},"end":{"line":374,"column":38}},"155":{"start":{"line":375,"column":8},"end":{"line":375,"column":68}},"156":{"start":{"line":377,"column":10},"end":{"line":377,"column":66}},"157":{"start":{"line":379,"column":12},"end":{"line":379,"column":100}},"158":{"start":{"line":380,"column":22},"end":{"line":380,"column":62}},"159":{"start":{"line":380,"column":40},"end":{"line":380,"column":61}},"160":{"start":{"line":381,"column":24},"end":{"line":381,"column":64}},"161":{"start":{"line":381,"column":42},"end":{"line":381,"column":63}},"162":{"start":{"line":382,"column":2},"end":{"line":491,"column":4}},"163":{"start":{"line":394,"column":16},"end":{"line":405,"column":22}},"164":{"start":{"line":421,"column":48},"end":{"line":421,"column":72}},"165":{"start":{"line":422,"column":30},"end":{"line":422,"column":59}},"166":{"start":{"line":437,"column":35},"end":{"line":437,"column":52}},"167":{"start":{"line":445,"column":64},"end":{"line":445,"column":81}},"168":{"start":{"line":455,"column":20},"end":{"line":455,"column":84}},"169":{"start":{"line":455,"column":67},"end":{"line":455,"column":81}},"170":{"start":{"line":470,"column":20},"end":{"line":478,"column":26}},"171":{"start":{"line":471,"column":58},"end":{"line":471,"column":72}},"172":{"start":{"line":495,"column":23},"end":{"line":495,"column":41}},"173":{"start":{"line":496,"column":29},"end":{"line":496,"column":41}},"174":{"start":{"line":497,"column":29},"end":{"line":497,"column":44}},"175":{"start":{"line":498,"column":31},"end":{"line":498,"column":45}},"176":{"start":{"line":499,"column":37},"end":{"line":499,"column":49}},"177":{"start":{"line":500,"column":33},"end":{"line":500,"column":48}},"178":{"start":{"line":501,"column":2},"end":{"line":501,"column":37}},"179":{"start":{"line":501,"column":17},"end":{"line":501,"column":31}},"180":{"start":{"line":502,"column":20},"end":{"line":507,"column":3}},"181":{"start":{"line":503,"column":4},"end":{"line":503,"column":21}},"182":{"start":{"line":504,"column":4},"end":{"line":506,"column":31}},"183":{"start":{"line":504,"column":8},"end":{"line":504,"column":52}},"184":{"start":{"line":505,"column":13},"end":{"line":505,"column":30}},"185":{"start":{"line":506,"column":12},"end":{"line":506,"column":30}},"186":{"start":{"line":508,"column":22},"end":{"line":516,"column":3}},"187":{"start":{"line":509,"column":4},"end":{"line":509,"column":34}},"188":{"start":{"line":509,"column":27},"end":{"line":509,"column":34}},"189":{"start":{"line":509,"column":34},"end":{"line":509,"column":53}},"190":{"start":{"line":510,"column":4},"end":{"line":515,"column":33}},"191":{"start":{"line":511,"column":20},"end":{"line":511,"column":112}},"192":{"start":{"line":512,"column":6},"end":{"line":512,"column":61}},"193":{"start":{"line":512,"column":21},"end":{"line":512,"column":59}},"194":{"start":{"line":512,"column":31},"end":{"line":512,"column":58}},"195":{"start":{"line":513,"column":6},"end":{"line":513,"column":27}},"196":{"start":{"line":513,"column":27},"end":{"line":513,"column":46}},"197":{"start":{"line":514,"column":14},"end":{"line":514,"column":31}},"198":{"start":{"line":515,"column":12},"end":{"line":515,"column":32}},"199":{"start":{"line":517,"column":13},"end":{"line":517,"column":53}},"200":{"start":{"line":517,"column":31},"end":{"line":517,"column":52}},"201":{"start":{"line":518,"column":17},"end":{"line":518,"column":57}},"202":{"start":{"line":518,"column":35},"end":{"line":518,"column":56}},"203":{"start":{"line":519,"column":13},"end":{"line":519,"column":42}},"204":{"start":{"line":520,"column":12},"end":{"line":520,"column":115}},"205":{"start":{"line":521,"column":2},"end":{"line":562,"column":4}},"206":{"start":{"line":523,"column":24},"end":{"line":523,"column":35}},"207":{"start":{"line":523,"column":35},"end":{"line":523,"column":53}},"208":{"start":{"line":527,"column":12},"end":{"line":530,"column":18}},"209":{"start":{"line":536,"column":34},"end":{"line":536,"column":52}},"210":{"start":{"line":536,"column":52},"end":{"line":536,"column":71}},"211":{"start":{"line":541,"column":59},"end":{"line":541,"column":89}},"212":{"start":{"line":556,"column":25},"end":{"line":556,"column":102}},"213":{"start":{"line":556,"column":72},"end":{"line":556,"column":86}},"214":{"start":{"line":566,"column":23},"end":{"line":566,"column":43}},"215":{"start":{"line":567,"column":29},"end":{"line":567,"column":41}},"216":{"start":{"line":568,"column":27},"end":{"line":568,"column":39}},"217":{"start":{"line":569,"column":29},"end":{"line":569,"column":44}},"218":{"start":{"line":570,"column":31},"end":{"line":570,"column":45}},"219":{"start":{"line":571,"column":27},"end":{"line":571,"column":39}},"220":{"start":{"line":572,"column":2},"end":{"line":572,"column":33}},"221":{"start":{"line":572,"column":17},"end":{"line":572,"column":27}},"222":{"start":{"line":573,"column":16},"end":{"line":578,"column":3}},"223":{"start":{"line":574,"column":4},"end":{"line":574,"column":21}},"224":{"start":{"line":575,"column":4},"end":{"line":577,"column":31}},"225":{"start":{"line":575,"column":19},"end":{"line":575,"column":72}},"226":{"start":{"line":575,"column":73},"end":{"line":575,"column":87}},"227":{"start":{"line":575,"column":87},"end":{"line":575,"column":100}},"228":{"start":{"line":576,"column":13},"end":{"line":576,"column":30}},"229":{"start":{"line":577,"column":12},"end":{"line":577,"column":30}},"230":{"start":{"line":579,"column":14},"end":{"line":579,"column":88}},"231":{"start":{"line":579,"column":30},"end":{"line":579,"column":87}},"232":{"start":{"line":580,"column":15},"end":{"line":584,"column":3}},"233":{"start":{"line":581,"column":27},"end":{"line":581,"column":44}},"234":{"start":{"line":582,"column":34},"end":{"line":582,"column":58}},"235":{"start":{"line":583,"column":31},"end":{"line":583,"column":52}},"236":{"start":{"line":585,"column":12},"end":{"line":585,"column":150}},"237":{"start":{"line":586,"column":2},"end":{"line":683,"column":4}},"238":{"start":{"line":588,"column":24},"end":{"line":588,"column":35}},"239":{"start":{"line":588,"column":35},"end":{"line":588,"column":53}},"240":{"start":{"line":598,"column":16},"end":{"line":602,"column":22}},"241":{"start":{"line":609,"column":18},"end":{"line":610,"column":72}},"242":{"start":{"line":610,"column":34},"end":{"line":610,"column":49}},"243":{"start":{"line":610,"column":49},"end":{"line":610,"column":68}},"244":{"start":{"line":622,"column":37},"end":{"line":622,"column":54}},"245":{"start":{"line":627,"column":32},"end":{"line":627,"column":109}},"246":{"start":{"line":627,"column":92},"end":{"line":627,"column":106}},"247":{"start":{"line":639,"column":49},"end":{"line":639,"column":74}},"248":{"start":{"line":654,"column":28},"end":{"line":654,"column":103}},"249":{"start":{"line":654,"column":46},"end":{"line":654,"column":95}},"250":{"start":{"line":655,"column":28},"end":{"line":655,"column":103}},"251":{"start":{"line":655,"column":46},"end":{"line":655,"column":95}},"252":{"start":{"line":656,"column":18},"end":{"line":675,"column":20}},"253":{"start":{"line":668,"column":52},"end":{"line":668,"column":78}},"254":{"start":{"line":687,"column":23},"end":{"line":687,"column":37}},"255":{"start":{"line":688,"column":2},"end":{"line":688,"column":51}},"256":{"start":{"line":688,"column":11},"end":{"line":688,"column":51}},"257":{"start":{"line":689,"column":2},"end":{"line":689,"column":94}},"258":{"start":{"line":689,"column":28},"end":{"line":689,"column":94}},"259":{"start":{"line":689,"column":77},"end":{"line":689,"column":90}},"260":{"start":{"line":690,"column":2},"end":{"line":690,"column":94}},"261":{"start":{"line":690,"column":28},"end":{"line":690,"column":94}},"262":{"start":{"line":690,"column":77},"end":{"line":690,"column":90}},"263":{"start":{"line":691,"column":2},"end":{"line":691,"column":94}},"264":{"start":{"line":691,"column":28},"end":{"line":691,"column":94}},"265":{"start":{"line":691,"column":77},"end":{"line":691,"column":90}}},"fnMap":{"0":{"name":"(anonymous_0)","decl":{"start":{"line":26,"column":13},"end":{"line":26,"column":14}},"loc":{"start":{"line":26,"column":16},"end":{"line":26,"column":61}},"line":26},"1":{"name":"(anonymous_1)","decl":{"start":{"line":27,"column":13},"end":{"line":27,"column":14}},"loc":{"start":{"line":27,"column":16},"end":{"line":27,"column":73}},"line":27},"2":{"name":"(anonymous_2)","decl":{"start":{"line":29,"column":12},"end":{"line":29,"column":13}},"loc":{"start":{"line":30,"column":2},"end":{"line":32,"column":78}},"line":30},"3":{"name":"(anonymous_3)","decl":{"start":{"line":34,"column":14},"end":{"line":34,"column":15}},"loc":{"start":{"line":35,"column":2},"end":{"line":37,"column":81}},"line":35},"4":{"name":"(anonymous_4)","decl":{"start":{"line":39,"column":13},"end":{"line":39,"column":14}},"loc":{"start":{"line":39,"column":17},"end":{"line":39,"column":95}},"line":39},"5":{"name":"(anonymous_5)","decl":{"start":{"line":40,"column":11},"end":{"line":40,"column":12}},"loc":{"start":{"line":41,"column":2},"end":{"line":41,"column":109}},"line":41},"6":{"name":"(anonymous_6)","decl":{"start":{"line":43,"column":12},"end":{"line":43,"column":13}},"loc":{"start":{"line":44,"column":2},"end":{"line":45,"column":81}},"line":44},"7":{"name":"Shell","decl":{"start":{"line":48,"column":9},"end":{"line":48,"column":14}},"loc":{"start":{"line":48,"column":67},"end":{"line":88,"column":1}},"line":48},"8":{"name":"(anonymous_8)","decl":{"start":{"line":63,"column":21},"end":{"line":63,"column":22}},"loc":{"start":{"line":64,"column":14},"end":{"line":70,"column":23}},"line":64},"9":{"name":"(anonymous_9)","decl":{"start":{"line":64,"column":43},"end":{"line":64,"column":44}},"loc":{"start":{"line":64,"column":47},"end":{"line":64,"column":66}},"line":64},"10":{"name":"TicketCard","decl":{"start":{"line":90,"column":9},"end":{"line":90,"column":19}},"loc":{"start":{"line":90,"column":52},"end":{"line":110,"column":1}},"line":90},"11":{"name":"(anonymous_11)","decl":{"start":{"line":95,"column":20},"end":{"line":95,"column":21}},"loc":{"start":{"line":95,"column":23},"end":{"line":95,"column":67}},"line":95},"12":{"name":"(anonymous_12)","decl":{"start":{"line":96,"column":20},"end":{"line":96,"column":21}},"loc":{"start":{"line":96,"column":23},"end":{"line":96,"column":65}},"line":96},"13":{"name":"TicketDetail","decl":{"start":{"line":112,"column":9},"end":{"line":112,"column":21}},"loc":{"start":{"line":112,"column":52},"end":{"line":185,"column":1}},"line":112},"14":{"name":"(anonymous_14)","decl":{"start":{"line":160,"column":32},"end":{"line":160,"column":33}},"loc":{"start":{"line":161,"column":14},"end":{"line":178,"column":20}},"line":161},"15":{"name":"LoginScreen","decl":{"start":{"line":187,"column":9},"end":{"line":187,"column":20}},"loc":{"start":{"line":187,"column":31},"end":{"line":307,"column":1}},"line":187},"16":{"name":"(anonymous_16)","decl":{"start":{"line":201,"column":20},"end":{"line":201,"column":21}},"loc":{"start":{"line":201,"column":29},"end":{"line":206,"column":3}},"line":201},"17":{"name":"(anonymous_17)","decl":{"start":{"line":207,"column":24},"end":{"line":207,"column":25}},"loc":{"start":{"line":207,"column":28},"end":{"line":209,"column":3}},"line":207},"18":{"name":"(anonymous_18)","decl":{"start":{"line":210,"column":21},"end":{"line":210,"column":22}},"loc":{"start":{"line":210,"column":30},"end":{"line":215,"column":3}},"line":210},"19":{"name":"(anonymous_19)","decl":{"start":{"line":234,"column":23},"end":{"line":234,"column":24}},"loc":{"start":{"line":235,"column":14},"end":{"line":247,"column":23}},"line":235},"20":{"name":"(anonymous_20)","decl":{"start":{"line":235,"column":43},"end":{"line":235,"column":44}},"loc":{"start":{"line":235,"column":47},"end":{"line":235,"column":99}},"line":235},"21":{"name":"(anonymous_21)","decl":{"start":{"line":239,"column":30},"end":{"line":239,"column":31}},"loc":{"start":{"line":239,"column":33},"end":{"line":239,"column":123}},"line":239},"22":{"name":"(anonymous_22)","decl":{"start":{"line":240,"column":30},"end":{"line":240,"column":31}},"loc":{"start":{"line":240,"column":33},"end":{"line":240,"column":121}},"line":240},"23":{"name":"(anonymous_23)","decl":{"start":{"line":253,"column":31},"end":{"line":253,"column":32}},"loc":{"start":{"line":253,"column":35},"end":{"line":253,"column":86}},"line":253},"24":{"name":"(anonymous_24)","decl":{"start":{"line":255,"column":32},"end":{"line":255,"column":33}},"loc":{"start":{"line":255,"column":35},"end":{"line":255,"column":47}},"line":255},"25":{"name":"(anonymous_25)","decl":{"start":{"line":259,"column":40},"end":{"line":259,"column":41}},"loc":{"start":{"line":260,"column":18},"end":{"line":266,"column":27}},"line":260},"26":{"name":"(anonymous_26)","decl":{"start":{"line":260,"column":45},"end":{"line":260,"column":46}},"loc":{"start":{"line":260,"column":49},"end":{"line":260,"column":77}},"line":260},"27":{"name":"(anonymous_27)","decl":{"start":{"line":276,"column":85},"end":{"line":276,"column":86}},"loc":{"start":{"line":277,"column":14},"end":{"line":284,"column":20}},"line":277},"28":{"name":"(anonymous_28)","decl":{"start":{"line":280,"column":28},"end":{"line":280,"column":29}},"loc":{"start":{"line":280,"column":31},"end":{"line":280,"column":52}},"line":280},"29":{"name":"(anonymous_29)","decl":{"start":{"line":281,"column":29},"end":{"line":281,"column":30}},"loc":{"start":{"line":281,"column":32},"end":{"line":281,"column":95}},"line":281},"30":{"name":"CustomerPortal","decl":{"start":{"line":309,"column":9},"end":{"line":309,"column":23}},"loc":{"start":{"line":309,"column":40},"end":{"line":492,"column":1}},"line":309},"31":{"name":"(anonymous_31)","decl":{"start":{"line":321,"column":12},"end":{"line":321,"column":13}},"loc":{"start":{"line":321,"column":16},"end":{"line":321,"column":32}},"line":321},"32":{"name":"(anonymous_32)","decl":{"start":{"line":322,"column":12},"end":{"line":322,"column":13}},"loc":{"start":{"line":322,"column":16},"end":{"line":322,"column":56}},"line":322},"33":{"name":"(anonymous_33)","decl":{"start":{"line":323,"column":12},"end":{"line":323,"column":13}},"loc":{"start":{"line":323,"column":16},"end":{"line":327,"column":3}},"line":323},"34":{"name":"(anonymous_34)","decl":{"start":{"line":325,"column":28},"end":{"line":325,"column":29}},"loc":{"start":{"line":325,"column":32},"end":{"line":325,"column":52}},"line":325},"35":{"name":"(anonymous_35)","decl":{"start":{"line":326,"column":10},"end":{"line":326,"column":11}},"loc":{"start":{"line":326,"column":14},"end":{"line":326,"column":34}},"line":326},"36":{"name":"(anonymous_36)","decl":{"start":{"line":328,"column":12},"end":{"line":328,"column":13}},"loc":{"start":{"line":328,"column":16},"end":{"line":328,"column":73}},"line":328},"37":{"name":"(anonymous_37)","decl":{"start":{"line":329,"column":20},"end":{"line":329,"column":21}},"loc":{"start":{"line":329,"column":41},"end":{"line":345,"column":3}},"line":329},"38":{"name":"(anonymous_38)","decl":{"start":{"line":336,"column":47},"end":{"line":336,"column":48}},"loc":{"start":{"line":336,"column":50},"end":{"line":336,"column":104}},"line":336},"39":{"name":"(anonymous_39)","decl":{"start":{"line":346,"column":15},"end":{"line":346,"column":16}},"loc":{"start":{"line":346,"column":33},"end":{"line":349,"column":3}},"line":346},"40":{"name":"(anonymous_40)","decl":{"start":{"line":348,"column":15},"end":{"line":348,"column":16}},"loc":{"start":{"line":348,"column":19},"end":{"line":348,"column":79}},"line":348},"41":{"name":"(anonymous_41)","decl":{"start":{"line":348,"column":49},"end":{"line":348,"column":50}},"loc":{"start":{"line":348,"column":52},"end":{"line":348,"column":76}},"line":348},"42":{"name":"(anonymous_42)","decl":{"start":{"line":350,"column":19},"end":{"line":350,"column":20}},"loc":{"start":{"line":350,"column":28},"end":{"line":378,"column":3}},"line":350},"43":{"name":"(anonymous_43)","decl":{"start":{"line":352,"column":16},"end":{"line":352,"column":17}},"loc":{"start":{"line":352,"column":19},"end":{"line":352,"column":48}},"line":352},"44":{"name":"(anonymous_44)","decl":{"start":{"line":357,"column":15},"end":{"line":357,"column":16}},"loc":{"start":{"line":357,"column":19},"end":{"line":357,"column":34}},"line":357},"45":{"name":"(anonymous_45)","decl":{"start":{"line":365,"column":21},"end":{"line":365,"column":22}},"loc":{"start":{"line":365,"column":24},"end":{"line":365,"column":37}},"line":365},"46":{"name":"(anonymous_46)","decl":{"start":{"line":366,"column":21},"end":{"line":366,"column":22}},"loc":{"start":{"line":366,"column":25},"end":{"line":370,"column":11}},"line":366},"47":{"name":"(anonymous_47)","decl":{"start":{"line":368,"column":24},"end":{"line":368,"column":25}},"loc":{"start":{"line":368,"column":27},"end":{"line":369,"column":210}},"line":368},"48":{"name":"(anonymous_48)","decl":{"start":{"line":380,"column":37},"end":{"line":380,"column":38}},"loc":{"start":{"line":380,"column":40},"end":{"line":380,"column":61}},"line":380},"49":{"name":"(anonymous_49)","decl":{"start":{"line":381,"column":39},"end":{"line":381,"column":40}},"loc":{"start":{"line":381,"column":42},"end":{"line":381,"column":63}},"line":381},"50":{"name":"(anonymous_50)","decl":{"start":{"line":393,"column":28},"end":{"line":393,"column":29}},"loc":{"start":{"line":394,"column":16},"end":{"line":405,"column":22}},"line":394},"51":{"name":"(anonymous_51)","decl":{"start":{"line":421,"column":45},"end":{"line":421,"column":46}},"loc":{"start":{"line":421,"column":48},"end":{"line":421,"column":72}},"line":421},"52":{"name":"(anonymous_52)","decl":{"start":{"line":422,"column":27},"end":{"line":422,"column":28}},"loc":{"start":{"line":422,"column":30},"end":{"line":422,"column":59}},"line":422},"53":{"name":"(anonymous_53)","decl":{"start":{"line":437,"column":31},"end":{"line":437,"column":32}},"loc":{"start":{"line":437,"column":35},"end":{"line":437,"column":52}},"line":437},"54":{"name":"(anonymous_54)","decl":{"start":{"line":445,"column":60},"end":{"line":445,"column":61}},"loc":{"start":{"line":445,"column":64},"end":{"line":445,"column":81}},"line":445},"55":{"name":"(anonymous_55)","decl":{"start":{"line":454,"column":37},"end":{"line":454,"column":38}},"loc":{"start":{"line":455,"column":20},"end":{"line":455,"column":84}},"line":455},"56":{"name":"(anonymous_56)","decl":{"start":{"line":455,"column":63},"end":{"line":455,"column":64}},"loc":{"start":{"line":455,"column":67},"end":{"line":455,"column":81}},"line":455},"57":{"name":"(anonymous_57)","decl":{"start":{"line":469,"column":39},"end":{"line":469,"column":40}},"loc":{"start":{"line":470,"column":20},"end":{"line":478,"column":26}},"line":470},"58":{"name":"(anonymous_58)","decl":{"start":{"line":471,"column":54},"end":{"line":471,"column":55}},"loc":{"start":{"line":471,"column":58},"end":{"line":471,"column":72}},"line":471},"59":{"name":"SupportPortal","decl":{"start":{"line":494,"column":9},"end":{"line":494,"column":22}},"loc":{"start":{"line":494,"column":39},"end":{"line":563,"column":1}},"line":494},"60":{"name":"(anonymous_60)","decl":{"start":{"line":501,"column":12},"end":{"line":501,"column":13}},"loc":{"start":{"line":501,"column":16},"end":{"line":501,"column":32}},"line":501},"61":{"name":"(anonymous_61)","decl":{"start":{"line":502,"column":20},"end":{"line":502,"column":21}},"loc":{"start":{"line":502,"column":29},"end":{"line":507,"column":3}},"line":502},"62":{"name":"(anonymous_62)","decl":{"start":{"line":508,"column":22},"end":{"line":508,"column":23}},"loc":{"start":{"line":508,"column":31},"end":{"line":516,"column":3}},"line":508},"63":{"name":"(anonymous_63)","decl":{"start":{"line":512,"column":17},"end":{"line":512,"column":18}},"loc":{"start":{"line":512,"column":21},"end":{"line":512,"column":59}},"line":512},"64":{"name":"(anonymous_64)","decl":{"start":{"line":512,"column":28},"end":{"line":512,"column":29}},"loc":{"start":{"line":512,"column":31},"end":{"line":512,"column":58}},"line":512},"65":{"name":"(anonymous_65)","decl":{"start":{"line":517,"column":28},"end":{"line":517,"column":29}},"loc":{"start":{"line":517,"column":31},"end":{"line":517,"column":52}},"line":517},"66":{"name":"(anonymous_66)","decl":{"start":{"line":518,"column":32},"end":{"line":518,"column":33}},"loc":{"start":{"line":518,"column":35},"end":{"line":518,"column":56}},"line":518},"67":{"name":"(anonymous_67)","decl":{"start":{"line":523,"column":20},"end":{"line":523,"column":21}},"loc":{"start":{"line":523,"column":23},"end":{"line":523,"column":54}},"line":523},"68":{"name":"(anonymous_68)","decl":{"start":{"line":526,"column":173},"end":{"line":526,"column":174}},"loc":{"start":{"line":527,"column":12},"end":{"line":530,"column":18}},"line":527},"69":{"name":"(anonymous_69)","decl":{"start":{"line":536,"column":29},"end":{"line":536,"column":30}},"loc":{"start":{"line":536,"column":33},"end":{"line":536,"column":72}},"line":536},"70":{"name":"(anonymous_70)","decl":{"start":{"line":541,"column":56},"end":{"line":541,"column":57}},"loc":{"start":{"line":541,"column":59},"end":{"line":541,"column":89}},"line":541},"71":{"name":"(anonymous_71)","decl":{"start":{"line":556,"column":22},"end":{"line":556,"column":23}},"loc":{"start":{"line":556,"column":25},"end":{"line":556,"column":102}},"line":556},"72":{"name":"(anonymous_72)","decl":{"start":{"line":556,"column":68},"end":{"line":556,"column":69}},"loc":{"start":{"line":556,"column":72},"end":{"line":556,"column":86}},"line":556},"73":{"name":"AdminPortal","decl":{"start":{"line":565,"column":9},"end":{"line":565,"column":20}},"loc":{"start":{"line":565,"column":37},"end":{"line":684,"column":1}},"line":565},"74":{"name":"(anonymous_74)","decl":{"start":{"line":572,"column":12},"end":{"line":572,"column":13}},"loc":{"start":{"line":572,"column":16},"end":{"line":572,"column":28}},"line":572},"75":{"name":"(anonymous_75)","decl":{"start":{"line":573,"column":16},"end":{"line":573,"column":17}},"loc":{"start":{"line":573,"column":25},"end":{"line":578,"column":3}},"line":573},"76":{"name":"(anonymous_76)","decl":{"start":{"line":579,"column":27},"end":{"line":579,"column":28}},"loc":{"start":{"line":579,"column":30},"end":{"line":579,"column":87}},"line":579},"77":{"name":"(anonymous_77)","decl":{"start":{"line":581,"column":24},"end":{"line":581,"column":25}},"loc":{"start":{"line":581,"column":27},"end":{"line":581,"column":44}},"line":581},"78":{"name":"(anonymous_78)","decl":{"start":{"line":582,"column":31},"end":{"line":582,"column":32}},"loc":{"start":{"line":582,"column":34},"end":{"line":582,"column":58}},"line":582},"79":{"name":"(anonymous_79)","decl":{"start":{"line":583,"column":28},"end":{"line":583,"column":29}},"loc":{"start":{"line":583,"column":31},"end":{"line":583,"column":52}},"line":583},"80":{"name":"(anonymous_80)","decl":{"start":{"line":588,"column":20},"end":{"line":588,"column":21}},"loc":{"start":{"line":588,"column":23},"end":{"line":588,"column":54}},"line":588},"81":{"name":"(anonymous_81)","decl":{"start":{"line":597,"column":185},"end":{"line":597,"column":186}},"loc":{"start":{"line":598,"column":16},"end":{"line":602,"column":22}},"line":598},"82":{"name":"(anonymous_82)","decl":{"start":{"line":608,"column":40},"end":{"line":608,"column":41}},"loc":{"start":{"line":609,"column":18},"end":{"line":610,"column":72}},"line":609},"83":{"name":"(anonymous_83)","decl":{"start":{"line":610,"column":29},"end":{"line":610,"column":30}},"loc":{"start":{"line":610,"column":33},"end":{"line":610,"column":69}},"line":610},"84":{"name":"(anonymous_84)","decl":{"start":{"line":622,"column":33},"end":{"line":622,"column":34}},"loc":{"start":{"line":622,"column":37},"end":{"line":622,"column":54}},"line":622},"85":{"name":"(anonymous_85)","decl":{"start":{"line":627,"column":29},"end":{"line":627,"column":30}},"loc":{"start":{"line":627,"column":32},"end":{"line":627,"column":109}},"line":627},"86":{"name":"(anonymous_86)","decl":{"start":{"line":627,"column":88},"end":{"line":627,"column":89}},"loc":{"start":{"line":627,"column":92},"end":{"line":627,"column":106}},"line":627},"87":{"name":"(anonymous_87)","decl":{"start":{"line":639,"column":46},"end":{"line":639,"column":47}},"loc":{"start":{"line":639,"column":49},"end":{"line":639,"column":74}},"line":639},"88":{"name":"(anonymous_88)","decl":{"start":{"line":653,"column":28},"end":{"line":653,"column":29}},"loc":{"start":{"line":653,"column":31},"end":{"line":676,"column":17}},"line":653},"89":{"name":"(anonymous_89)","decl":{"start":{"line":654,"column":43},"end":{"line":654,"column":44}},"loc":{"start":{"line":654,"column":46},"end":{"line":654,"column":95}},"line":654},"90":{"name":"(anonymous_90)","decl":{"start":{"line":655,"column":43},"end":{"line":655,"column":44}},"loc":{"start":{"line":655,"column":46},"end":{"line":655,"column":95}},"line":655},"91":{"name":"(anonymous_91)","decl":{"start":{"line":668,"column":49},"end":{"line":668,"column":50}},"loc":{"start":{"line":668,"column":52},"end":{"line":668,"column":78}},"line":668},"92":{"name":"App","decl":{"start":{"line":686,"column":24},"end":{"line":686,"column":27}},"loc":{"start":{"line":686,"column":29},"end":{"line":692,"column":1}},"line":686},"93":{"name":"(anonymous_93)","decl":{"start":{"line":689,"column":73},"end":{"line":689,"column":74}},"loc":{"start":{"line":689,"column":77},"end":{"line":689,"column":90}},"line":689},"94":{"name":"(anonymous_94)","decl":{"start":{"line":690,"column":73},"end":{"line":690,"column":74}},"loc":{"start":{"line":690,"column":77},"end":{"line":690,"column":90}},"line":690},"95":{"name":"(anonymous_95)","decl":{"start":{"line":691,"column":73},"end":{"line":691,"column":74}},"loc":{"start":{"line":691,"column":77},"end":{"line":691,"column":90}},"line":691}},"branchMap":{"0":{"loc":{"start":{"line":26,"column":16},"end":{"line":26,"column":61}},"type":"cond-expr","locations":[{"start":{"line":26,"column":27},"end":{"line":26,"column":32}},{"start":{"line":26,"column":33},"end":{"line":26,"column":61}}],"line":26},"1":{"loc":{"start":{"line":26,"column":33},"end":{"line":26,"column":61}},"type":"cond-expr","locations":[{"start":{"line":26,"column":46},"end":{"line":26,"column":53}},{"start":{"line":26,"column":54},"end":{"line":26,"column":61}}],"line":26},"2":{"loc":{"start":{"line":27,"column":16},"end":{"line":27,"column":73}},"type":"cond-expr","locations":[{"start":{"line":27,"column":31},"end":{"line":27,"column":38}},{"start":{"line":27,"column":39},"end":{"line":27,"column":73}}],"line":27},"3":{"loc":{"start":{"line":27,"column":39},"end":{"line":27,"column":73}},"type":"cond-expr","locations":[{"start":{"line":27,"column":57},"end":{"line":27,"column":64}},{"start":{"line":27,"column":65},"end":{"line":27,"column":73}}],"line":27},"4":{"loc":{"start":{"line":29,"column":20},"end":{"line":29,"column":34}},"type":"default-arg","locations":[{"start":{"line":29,"column":26},"end":{"line":29,"column":34}}],"line":29},"5":{"loc":{"start":{"line":34,"column":16},"end":{"line":34,"column":23}},"type":"default-arg","locations":[{"start":{"line":34,"column":21},"end":{"line":34,"column":23}}],"line":34},"6":{"loc":{"start":{"line":40,"column":22},"end":{"line":40,"column":37}},"type":"default-arg","locations":[{"start":{"line":40,"column":28},"end":{"line":40,"column":37}}],"line":40},"7":{"loc":{"start":{"line":45,"column":58},"end":{"line":45,"column":68}},"type":"binary-expr","locations":[{"start":{"line":45,"column":58},"end":{"line":45,"column":63}},{"start":{"line":45,"column":65},"end":{"line":45,"column":68}}],"line":45},"8":{"loc":{"start":{"line":49,"column":15},"end":{"line":49,"column":81}},"type":"cond-expr","locations":[{"start":{"line":49,"column":35},"end":{"line":49,"column":42}},{"start":{"line":49,"column":43},"end":{"line":49,"column":81}}],"line":49},"9":{"loc":{"start":{"line":49,"column":43},"end":{"line":49,"column":81}},"type":"cond-expr","locations":[{"start":{"line":49,"column":65},"end":{"line":49,"column":72}},{"start":{"line":49,"column":73},"end":{"line":49,"column":81}}],"line":49},"10":{"loc":{"start":{"line":66,"column":27},"end":{"line":66,"column":70}},"type":"cond-expr","locations":[{"start":{"line":66,"column":45},"end":{"line":66,"column":56}},{"start":{"line":66,"column":57},"end":{"line":66,"column":70}}],"line":66},"11":{"loc":{"start":{"line":67,"column":22},"end":{"line":67,"column":56}},"type":"cond-expr","locations":[{"start":{"line":67,"column":40},"end":{"line":67,"column":46}},{"start":{"line":67,"column":47},"end":{"line":67,"column":56}}],"line":67},"12":{"loc":{"start":{"line":68,"column":39},"end":{"line":68,"column":64}},"type":"cond-expr","locations":[{"start":{"line":68,"column":57},"end":{"line":68,"column":60}},{"start":{"line":68,"column":61},"end":{"line":68,"column":64}}],"line":68},"13":{"loc":{"start":{"line":76,"column":55},"end":{"line":76,"column":79}},"type":"binary-expr","locations":[{"start":{"line":76,"column":55},"end":{"line":76,"column":64}},{"start":{"line":76,"column":66},"end":{"line":76,"column":79}}],"line":76},"14":{"loc":{"start":{"line":101,"column":9},"end":{"line":101,"column":109}},"type":"binary-expr","locations":[{"start":{"line":101,"column":9},"end":{"line":101,"column":21}},{"start":{"line":101,"column":23},"end":{"line":101,"column":109}}],"line":101},"15":{"loc":{"start":{"line":115,"column":7},"end":{"line":116,"column":94}},"type":"binary-expr","locations":[{"start":{"line":115,"column":7},"end":{"line":115,"column":13}},{"start":{"line":115,"column":15},"end":{"line":116,"column":94}}],"line":115},"16":{"loc":{"start":{"line":125,"column":28},"end":{"line":125,"column":53}},"type":"binary-expr","locations":[{"start":{"line":125,"column":28},"end":{"line":125,"column":41}},{"start":{"line":125,"column":43},"end":{"line":125,"column":49}},{"start":{"line":125,"column":51},"end":{"line":125,"column":53}}],"line":125},"17":{"loc":{"start":{"line":129,"column":11},"end":{"line":136,"column":11}},"type":"binary-expr","locations":[{"start":{"line":129,"column":11},"end":{"line":129,"column":29}},{"start":{"line":130,"column":12},"end":{"line":135,"column":18}}],"line":129},"18":{"loc":{"start":{"line":141,"column":46},"end":{"line":141,"column":81}},"type":"binary-expr","locations":[{"start":{"line":141,"column":46},"end":{"line":141,"column":67}},{"start":{"line":141,"column":69},"end":{"line":141,"column":81}}],"line":141},"19":{"loc":{"start":{"line":143,"column":13},"end":{"line":143,"column":75}},"type":"binary-expr","locations":[{"start":{"line":143,"column":13},"end":{"line":143,"column":26}},{"start":{"line":143,"column":28},"end":{"line":143,"column":75}}],"line":143},"20":{"loc":{"start":{"line":149,"column":11},"end":{"line":155,"column":11}},"type":"binary-expr","locations":[{"start":{"line":149,"column":11},"end":{"line":149,"column":29}},{"start":{"line":150,"column":12},"end":{"line":154,"column":18}}],"line":149},"21":{"loc":{"start":{"line":157,"column":9},"end":{"line":181,"column":9}},"type":"binary-expr","locations":[{"start":{"line":157,"column":9},"end":{"line":157,"column":20}},{"start":{"line":157,"column":22},"end":{"line":157,"column":46}},{"start":{"line":158,"column":10},"end":{"line":180,"column":16}}],"line":157},"22":{"loc":{"start":{"line":163,"column":27},"end":{"line":163,"column":49}},"type":"cond-expr","locations":[{"start":{"line":163,"column":33},"end":{"line":163,"column":44}},{"start":{"line":163,"column":45},"end":{"line":163,"column":49}}],"line":163},"23":{"loc":{"start":{"line":164,"column":36},"end":{"line":164,"column":64}},"type":"cond-expr","locations":[{"start":{"line":164,"column":42},"end":{"line":164,"column":55}},{"start":{"line":164,"column":56},"end":{"line":164,"column":64}}],"line":164},"24":{"loc":{"start":{"line":166,"column":29},"end":{"line":166,"column":54}},"type":"cond-expr","locations":[{"start":{"line":166,"column":35},"end":{"line":166,"column":43}},{"start":{"line":166,"column":44},"end":{"line":166,"column":54}}],"line":166},"25":{"loc":{"start":{"line":168,"column":51},"end":{"line":168,"column":73}},"type":"cond-expr","locations":[{"start":{"line":168,"column":57},"end":{"line":168,"column":63}},{"start":{"line":168,"column":64},"end":{"line":168,"column":73}}],"line":168},"26":{"loc":{"start":{"line":174,"column":29},"end":{"line":174,"column":53}},"type":"cond-expr","locations":[{"start":{"line":174,"column":35},"end":{"line":174,"column":43}},{"start":{"line":174,"column":44},"end":{"line":174,"column":53}}],"line":174},"27":{"loc":{"start":{"line":175,"column":19},"end":{"line":175,"column":71}},"type":"cond-expr","locations":[{"start":{"line":175,"column":45},"end":{"line":175,"column":63}},{"start":{"line":175,"column":64},"end":{"line":175,"column":71}}],"line":175},"28":{"loc":{"start":{"line":177,"column":17},"end":{"line":177,"column":97}},"type":"binary-expr","locations":[{"start":{"line":177,"column":17},"end":{"line":177,"column":22}},{"start":{"line":177,"column":24},"end":{"line":177,"column":54}},{"start":{"line":177,"column":56},"end":{"line":177,"column":97}}],"line":177},"29":{"loc":{"start":{"line":231,"column":9},"end":{"line":303,"column":9}},"type":"cond-expr","locations":[{"start":{"line":232,"column":10},"end":{"line":249,"column":16}},{"start":{"line":251,"column":10},"end":{"line":302,"column":16}}],"line":231},"30":{"loc":{"start":{"line":257,"column":13},"end":{"line":269,"column":13}},"type":"binary-expr","locations":[{"start":{"line":257,"column":13},"end":{"line":257,"column":30}},{"start":{"line":258,"column":14},"end":{"line":268,"column":20}}],"line":257},"31":{"loc":{"start":{"line":262,"column":40},"end":{"line":262,"column":68}},"type":"cond-expr","locations":[{"start":{"line":262,"column":51},"end":{"line":262,"column":59}},{"start":{"line":262,"column":60},"end":{"line":262,"column":68}}],"line":262},"32":{"loc":{"start":{"line":263,"column":31},"end":{"line":263,"column":63}},"type":"cond-expr","locations":[{"start":{"line":263,"column":42},"end":{"line":263,"column":53}},{"start":{"line":263,"column":54},"end":{"line":263,"column":63}}],"line":263},"33":{"loc":{"start":{"line":264,"column":26},"end":{"line":264,"column":55}},"type":"cond-expr","locations":[{"start":{"line":264,"column":37},"end":{"line":264,"column":45}},{"start":{"line":264,"column":46},"end":{"line":264,"column":55}}],"line":264},"34":{"loc":{"start":{"line":265,"column":21},"end":{"line":265,"column":54}},"type":"cond-expr","locations":[{"start":{"line":265,"column":35},"end":{"line":265,"column":44}},{"start":{"line":265,"column":45},"end":{"line":265,"column":54}}],"line":265},"35":{"loc":{"start":{"line":271,"column":18},"end":{"line":274,"column":18}},"type":"cond-expr","locations":[{"start":{"line":271,"column":53},"end":{"line":274,"column":15}},{"start":{"line":274,"column":16},"end":{"line":274,"column":18}}],"line":271},"36":{"loc":{"start":{"line":271,"column":18},"end":{"line":271,"column":52}},"type":"binary-expr","locations":[{"start":{"line":271,"column":18},"end":{"line":271,"column":35}},{"start":{"line":271,"column":37},"end":{"line":271,"column":52}}],"line":271},"37":{"loc":{"start":{"line":281,"column":32},"end":{"line":281,"column":95}},"type":"binary-expr","locations":[{"start":{"line":281,"column":32},"end":{"line":281,"column":47}},{"start":{"line":281,"column":50},"end":{"line":281,"column":94}}],"line":281},"38":{"loc":{"start":{"line":281,"column":50},"end":{"line":281,"column":94}},"type":"cond-expr","locations":[{"start":{"line":281,"column":66},"end":{"line":281,"column":80}},{"start":{"line":281,"column":81},"end":{"line":281,"column":94}}],"line":281},"39":{"loc":{"start":{"line":286,"column":13},"end":{"line":286,"column":117}},"type":"binary-expr","locations":[{"start":{"line":286,"column":13},"end":{"line":286,"column":18}},{"start":{"line":286,"column":20},"end":{"line":286,"column":117}}],"line":286},"40":{"loc":{"start":{"line":287,"column":29},"end":{"line":287,"column":69}},"type":"cond-expr","locations":[{"start":{"line":287,"column":45},"end":{"line":287,"column":57}},{"start":{"line":287,"column":58},"end":{"line":287,"column":69}}],"line":287},"41":{"loc":{"start":{"line":288,"column":49},"end":{"line":288,"column":77}},"type":"cond-expr","locations":[{"start":{"line":288,"column":57},"end":{"line":288,"column":68}},{"start":{"line":288,"column":69},"end":{"line":288,"column":77}}],"line":288},"42":{"loc":{"start":{"line":291,"column":15},"end":{"line":291,"column":155}},"type":"cond-expr","locations":[{"start":{"line":291,"column":23},"end":{"line":291,"column":97}},{"start":{"line":291,"column":99},"end":{"line":291,"column":154}}],"line":291},"43":{"loc":{"start":{"line":291,"column":36},"end":{"line":291,"column":93}},"type":"cond-expr","locations":[{"start":{"line":291,"column":52},"end":{"line":291,"column":73}},{"start":{"line":291,"column":74},"end":{"line":291,"column":93}}],"line":291},"44":{"loc":{"start":{"line":291,"column":99},"end":{"line":291,"column":154}},"type":"cond-expr","locations":[{"start":{"line":291,"column":115},"end":{"line":291,"column":142}},{"start":{"line":291,"column":143},"end":{"line":291,"column":154}}],"line":291},"45":{"loc":{"start":{"line":297,"column":17},"end":{"line":297,"column":51}},"type":"binary-expr","locations":[{"start":{"line":297,"column":17},"end":{"line":297,"column":31}},{"start":{"line":297,"column":33},"end":{"line":297,"column":51}}],"line":297},"46":{"loc":{"start":{"line":298,"column":17},"end":{"line":298,"column":113}},"type":"binary-expr","locations":[{"start":{"line":298,"column":17},"end":{"line":298,"column":34}},{"start":{"line":298,"column":37},"end":{"line":298,"column":112}}],"line":298},"47":{"loc":{"start":{"line":298,"column":37},"end":{"line":298,"column":112}},"type":"cond-expr","locations":[{"start":{"line":298,"column":53},"end":{"line":298,"column":90}},{"start":{"line":298,"column":91},"end":{"line":298,"column":112}}],"line":298},"48":{"loc":{"start":{"line":299,"column":17},"end":{"line":299,"column":55}},"type":"binary-expr","locations":[{"start":{"line":299,"column":17},"end":{"line":299,"column":33}},{"start":{"line":299,"column":35},"end":{"line":299,"column":55}}],"line":299},"49":{"loc":{"start":{"line":322,"column":17},"end":{"line":322,"column":55}},"type":"if","locations":[{"start":{"line":322,"column":17},"end":{"line":322,"column":55}},{"start":{},"end":{}}],"line":322},"50":{"loc":{"start":{"line":324,"column":4},"end":{"line":324,"column":31}},"type":"if","locations":[{"start":{"line":324,"column":4},"end":{"line":324,"column":31}},{"start":{},"end":{}}],"line":324},"51":{"loc":{"start":{"line":329,"column":26},"end":{"line":329,"column":38}},"type":"default-arg","locations":[{"start":{"line":329,"column":33},"end":{"line":329,"column":38}}],"line":329},"52":{"loc":{"start":{"line":330,"column":4},"end":{"line":331,"column":26}},"type":"if","locations":[{"start":{"line":330,"column":4},"end":{"line":331,"column":26}},{"start":{"line":331,"column":9},"end":{"line":331,"column":26}}],"line":330},"53":{"loc":{"start":{"line":335,"column":6},"end":{"line":338,"column":7}},"type":"if","locations":[{"start":{"line":335,"column":6},"end":{"line":338,"column":7}},{"start":{},"end":{}}],"line":335},"54":{"loc":{"start":{"line":336,"column":50},"end":{"line":336,"column":104}},"type":"binary-expr","locations":[{"start":{"line":336,"column":50},"end":{"line":336,"column":68}},{"start":{"line":336,"column":70},"end":{"line":336,"column":104}}],"line":336},"55":{"loc":{"start":{"line":337,"column":8},"end":{"line":337,"column":56}},"type":"if","locations":[{"start":{"line":337,"column":8},"end":{"line":337,"column":56}},{"start":{},"end":{}}],"line":337},"56":{"loc":{"start":{"line":342,"column":6},"end":{"line":343,"column":29}},"type":"if","locations":[{"start":{"line":342,"column":6},"end":{"line":343,"column":29}},{"start":{"line":343,"column":11},"end":{"line":343,"column":29}}],"line":342},"57":{"loc":{"start":{"line":346,"column":21},"end":{"line":346,"column":30}},"type":"default-arg","locations":[{"start":{"line":346,"column":27},"end":{"line":346,"column":30}}],"line":346},"58":{"loc":{"start":{"line":351,"column":27},"end":{"line":351,"column":42}},"type":"if","locations":[{"start":{"line":351,"column":27},"end":{"line":351,"column":42}},{"start":{},"end":{}}],"line":351},"59":{"loc":{"start":{"line":353,"column":4},"end":{"line":377,"column":67}},"type":"if","locations":[{"start":{"line":353,"column":4},"end":{"line":377,"column":67}},{"start":{"line":356,"column":10},"end":{"line":377,"column":67}}],"line":353},"60":{"loc":{"start":{"line":356,"column":10},"end":{"line":377,"column":67}},"type":"if","locations":[{"start":{"line":356,"column":10},"end":{"line":377,"column":67}},{"start":{"line":359,"column":10},"end":{"line":377,"column":67}}],"line":356},"61":{"loc":{"start":{"line":359,"column":10},"end":{"line":377,"column":67}},"type":"if","locations":[{"start":{"line":359,"column":10},"end":{"line":377,"column":67}},{"start":{"line":377,"column":9},"end":{"line":377,"column":67}}],"line":359},"62":{"loc":{"start":{"line":360,"column":6},"end":{"line":376,"column":7}},"type":"if","locations":[{"start":{"line":360,"column":6},"end":{"line":376,"column":7}},{"start":{"line":373,"column":11},"end":{"line":376,"column":7}}],"line":360},"63":{"loc":{"start":{"line":369,"column":140},"end":{"line":369,"column":177}},"type":"binary-expr","locations":[{"start":{"line":369,"column":140},"end":{"line":369,"column":166}},{"start":{"line":369,"column":168},"end":{"line":369,"column":177}}],"line":369},"64":{"loc":{"start":{"line":384,"column":7},"end":{"line":431,"column":7}},"type":"binary-expr","locations":[{"start":{"line":384,"column":7},"end":{"line":384,"column":20}},{"start":{"line":385,"column":8},"end":{"line":430,"column":14}}],"line":384},"65":{"loc":{"start":{"line":394,"column":88},"end":{"line":394,"column":127}},"type":"cond-expr","locations":[{"start":{"line":394,"column":104},"end":{"line":394,"column":114}},{"start":{"line":394,"column":115},"end":{"line":394,"column":127}}],"line":394},"66":{"loc":{"start":{"line":395,"column":19},"end":{"line":400,"column":19}},"type":"binary-expr","locations":[{"start":{"line":395,"column":19},"end":{"line":395,"column":33}},{"start":{"line":396,"column":20},"end":{"line":399,"column":71}}],"line":395},"67":{"loc":{"start":{"line":402,"column":31},"end":{"line":402,"column":63}},"type":"cond-expr","locations":[{"start":{"line":402,"column":47},"end":{"line":402,"column":58}},{"start":{"line":402,"column":59},"end":{"line":402,"column":63}}],"line":402},"68":{"loc":{"start":{"line":403,"column":40},"end":{"line":403,"column":78}},"type":"cond-expr","locations":[{"start":{"line":403,"column":56},"end":{"line":403,"column":69}},{"start":{"line":403,"column":70},"end":{"line":403,"column":78}}],"line":403},"69":{"loc":{"start":{"line":407,"column":15},"end":{"line":417,"column":15}},"type":"binary-expr","locations":[{"start":{"line":407,"column":15},"end":{"line":407,"column":21}},{"start":{"line":408,"column":16},"end":{"line":416,"column":22}}],"line":407},"70":{"loc":{"start":{"line":422,"column":30},"end":{"line":422,"column":59}},"type":"binary-expr","locations":[{"start":{"line":422,"column":30},"end":{"line":422,"column":45}},{"start":{"line":422,"column":47},"end":{"line":422,"column":59}}],"line":422},"71":{"loc":{"start":{"line":432,"column":7},"end":{"line":489,"column":7}},"type":"binary-expr","locations":[{"start":{"line":432,"column":7},"end":{"line":432,"column":23}},{"start":{"line":433,"column":8},"end":{"line":488,"column":14}}],"line":432},"72":{"loc":{"start":{"line":436,"column":13},"end":{"line":442,"column":13}},"type":"binary-expr","locations":[{"start":{"line":436,"column":13},"end":{"line":436,"column":22}},{"start":{"line":437,"column":14},"end":{"line":441,"column":23}}],"line":436},"73":{"loc":{"start":{"line":440,"column":17},"end":{"line":440,"column":83}},"type":"cond-expr","locations":[{"start":{"line":440,"column":35},"end":{"line":440,"column":73}},{"start":{"line":440,"column":74},"end":{"line":440,"column":83}}],"line":440},"74":{"loc":{"start":{"line":444,"column":11},"end":{"line":487,"column":11}},"type":"cond-expr","locations":[{"start":{"line":444,"column":19},"end":{"line":444,"column":110}},{"start":{"line":445,"column":11},"end":{"line":487,"column":11}}],"line":444},"75":{"loc":{"start":{"line":445,"column":11},"end":{"line":487,"column":11}},"type":"cond-expr","locations":[{"start":{"line":445,"column":20},"end":{"line":445,"column":84}},{"start":{"line":447,"column":12},"end":{"line":486,"column":18}}],"line":445},"76":{"loc":{"start":{"line":457,"column":19},"end":{"line":460,"column":22}},"type":"binary-expr","locations":[{"start":{"line":457,"column":19},"end":{"line":457,"column":40}},{"start":{"line":457,"column":42},"end":{"line":460,"column":22}}],"line":457},"77":{"loc":{"start":{"line":475,"column":27},"end":{"line":475,"column":100}},"type":"binary-expr","locations":[{"start":{"line":475,"column":27},"end":{"line":475,"column":45}},{"start":{"line":475,"column":47},"end":{"line":475,"column":100}}],"line":475},"78":{"loc":{"start":{"line":480,"column":19},"end":{"line":483,"column":22}},"type":"binary-expr","locations":[{"start":{"line":480,"column":19},"end":{"line":480,"column":42}},{"start":{"line":480,"column":44},"end":{"line":483,"column":22}}],"line":480},"79":{"loc":{"start":{"line":509,"column":4},"end":{"line":509,"column":34}},"type":"if","locations":[{"start":{"line":509,"column":4},"end":{"line":509,"column":34}},{"start":{},"end":{}}],"line":509},"80":{"loc":{"start":{"line":512,"column":31},"end":{"line":512,"column":58}},"type":"cond-expr","locations":[{"start":{"line":512,"column":49},"end":{"line":512,"column":56}},{"start":{"line":512,"column":57},"end":{"line":512,"column":58}}],"line":512},"81":{"loc":{"start":{"line":519,"column":13},"end":{"line":519,"column":42}},"type":"cond-expr","locations":[{"start":{"line":519,"column":29},"end":{"line":519,"column":33}},{"start":{"line":519,"column":34},"end":{"line":519,"column":42}}],"line":519},"82":{"loc":{"start":{"line":533,"column":9},"end":{"line":559,"column":9}},"type":"cond-expr","locations":[{"start":{"line":533,"column":17},"end":{"line":533,"column":108}},{"start":{"line":534,"column":9},"end":{"line":559,"column":9}}],"line":533},"83":{"loc":{"start":{"line":534,"column":9},"end":{"line":559,"column":9}},"type":"cond-expr","locations":[{"start":{"line":535,"column":10},"end":{"line":552,"column":13}},{"start":{"line":554,"column":10},"end":{"line":558,"column":16}}],"line":534},"84":{"loc":{"start":{"line":538,"column":13},"end":{"line":551,"column":13}},"type":"binary-expr","locations":[{"start":{"line":538,"column":13},"end":{"line":538,"column":41}},{"start":{"line":539,"column":14},"end":{"line":550,"column":20}}],"line":538},"85":{"loc":{"start":{"line":548,"column":19},"end":{"line":548,"column":69}},"type":"cond-expr","locations":[{"start":{"line":548,"column":29},"end":{"line":548,"column":53}},{"start":{"line":548,"column":54},"end":{"line":548,"column":69}}],"line":548},"86":{"loc":{"start":{"line":555,"column":69},"end":{"line":555,"column":120}},"type":"cond-expr","locations":[{"start":{"line":555,"column":85},"end":{"line":555,"column":101}},{"start":{"line":555,"column":102},"end":{"line":555,"column":120}}],"line":555},"87":{"loc":{"start":{"line":557,"column":13},"end":{"line":557,"column":118}},"type":"binary-expr","locations":[{"start":{"line":557,"column":13},"end":{"line":557,"column":25}},{"start":{"line":557,"column":27},"end":{"line":557,"column":118}}],"line":557},"88":{"loc":{"start":{"line":590,"column":9},"end":{"line":615,"column":9}},"type":"binary-expr","locations":[{"start":{"line":590,"column":9},"end":{"line":590,"column":26}},{"start":{"line":591,"column":10},"end":{"line":614,"column":13}}],"line":590},"89":{"loc":{"start":{"line":606,"column":13},"end":{"line":613,"column":13}},"type":"cond-expr","locations":[{"start":{"line":606,"column":21},"end":{"line":606,"column":31}},{"start":{"line":607,"column":14},"end":{"line":612,"column":20}}],"line":606},"90":{"loc":{"start":{"line":616,"column":9},"end":{"line":631,"column":9}},"type":"binary-expr","locations":[{"start":{"line":616,"column":9},"end":{"line":616,"column":25}},{"start":{"line":617,"column":10},"end":{"line":630,"column":13}}],"line":616},"91":{"loc":{"start":{"line":619,"column":13},"end":{"line":629,"column":13}},"type":"cond-expr","locations":[{"start":{"line":619,"column":21},"end":{"line":619,"column":112}},{"start":{"line":620,"column":13},"end":{"line":629,"column":13}}],"line":619},"92":{"loc":{"start":{"line":620,"column":13},"end":{"line":629,"column":13}},"type":"cond-expr","locations":[{"start":{"line":621,"column":14},"end":{"line":624,"column":17}},{"start":{"line":626,"column":14},"end":{"line":628,"column":20}}],"line":620},"93":{"loc":{"start":{"line":632,"column":9},"end":{"line":647,"column":9}},"type":"binary-expr","locations":[{"start":{"line":632,"column":9},"end":{"line":632,"column":24}},{"start":{"line":633,"column":10},"end":{"line":646,"column":13}}],"line":632},"94":{"loc":{"start":{"line":644,"column":13},"end":{"line":644,"column":70}},"type":"binary-expr","locations":[{"start":{"line":644,"column":13},"end":{"line":644,"column":19}},{"start":{"line":644,"column":21},"end":{"line":644,"column":26}},{"start":{"line":644,"column":28},"end":{"line":644,"column":70}}],"line":644},"95":{"loc":{"start":{"line":645,"column":13},"end":{"line":645,"column":130}},"type":"binary-expr","locations":[{"start":{"line":645,"column":13},"end":{"line":645,"column":19}},{"start":{"line":645,"column":21},"end":{"line":645,"column":27}},{"start":{"line":645,"column":29},"end":{"line":645,"column":130}}],"line":645},"96":{"loc":{"start":{"line":648,"column":9},"end":{"line":680,"column":9}},"type":"binary-expr","locations":[{"start":{"line":648,"column":9},"end":{"line":648,"column":24}},{"start":{"line":649,"column":10},"end":{"line":679,"column":13}}],"line":648},"97":{"loc":{"start":{"line":651,"column":13},"end":{"line":678,"column":13}},"type":"cond-expr","locations":[{"start":{"line":651,"column":21},"end":{"line":651,"column":31}},{"start":{"line":652,"column":14},"end":{"line":677,"column":20}}],"line":651},"98":{"loc":{"start":{"line":654,"column":46},"end":{"line":654,"column":95}},"type":"binary-expr","locations":[{"start":{"line":654,"column":46},"end":{"line":654,"column":72}},{"start":{"line":654,"column":74},"end":{"line":654,"column":95}}],"line":654},"99":{"loc":{"start":{"line":655,"column":46},"end":{"line":655,"column":95}},"type":"binary-expr","locations":[{"start":{"line":655,"column":46},"end":{"line":655,"column":72}},{"start":{"line":655,"column":74},"end":{"line":655,"column":95}}],"line":655},"100":{"loc":{"start":{"line":668,"column":26},"end":{"line":668,"column":43}},"type":"binary-expr","locations":[{"start":{"line":668,"column":26},"end":{"line":668,"column":39}},{"start":{"line":668,"column":41},"end":{"line":668,"column":43}}],"line":668},"101":{"loc":{"start":{"line":688,"column":2},"end":{"line":688,"column":51}},"type":"if","locations":[{"start":{"line":688,"column":2},"end":{"line":688,"column":51}},{"start":{},"end":{}}],"line":688},"102":{"loc":{"start":{"line":689,"column":2},"end":{"line":689,"column":94}},"type":"if","locations":[{"start":{"line":689,"column":2},"end":{"line":689,"column":94}},{"start":{},"end":{}}],"line":689},"103":{"loc":{"start":{"line":690,"column":2},"end":{"line":690,"column":94}},"type":"if","locations":[{"start":{"line":690,"column":2},"end":{"line":690,"column":94}},{"start":{},"end":{}}],"line":690},"104":{"loc":{"start":{"line":691,"column":2},"end":{"line":691,"column":94}},"type":"if","locations":[{"start":{"line":691,"column":2},"end":{"line":691,"column":94}},{"start":{},"end":{}}],"line":691}},"s":{"0":1,"1":1,"2":1,"3":5,"4":1,"5":5,"6":1,"7":14,"8":1,"9":4,"10":1,"11":3,"12":1,"13":75,"14":1,"15":12,"16":19,"17":19,"18":38,"19":0,"20":1,"21":0,"22":0,"23":4,"24":0,"25":10,"26":10,"27":10,"28":10,"29":10,"30":10,"31":10,"32":10,"33":10,"34":10,"35":2,"36":2,"37":2,"38":2,"39":2,"40":0,"41":2,"42":10,"43":2,"44":2,"45":2,"46":2,"47":2,"48":10,"49":0,"50":0,"51":0,"52":0,"53":0,"54":0,"55":0,"56":10,"57":6,"58":2,"59":2,"60":2,"61":0,"62":0,"63":0,"64":0,"65":0,"66":0,"67":0,"68":12,"69":8,"70":0,"71":0,"72":16,"73":4,"74":0,"75":12,"76":12,"77":12,"78":12,"79":12,"80":12,"81":12,"82":12,"83":12,"84":12,"85":12,"86":12,"87":1,"88":12,"89":1,"90":0,"91":12,"92":1,"93":1,"94":0,"95":0,"96":0,"97":0,"98":12,"99":7,"100":12,"101":1,"102":0,"103":1,"104":1,"105":1,"106":1,"107":1,"108":0,"109":0,"110":0,"111":0,"112":0,"113":1,"114":0,"115":1,"116":12,"117":3,"118":3,"119":3,"120":3,"121":3,"122":12,"123":3,"124":3,"125":0,"126":3,"127":3,"128":3,"129":3,"130":1,"131":1,"132":1,"133":2,"134":1,"135":1,"136":1,"137":1,"138":1,"139":1,"140":1,"141":1,"142":1,"143":1,"144":1,"145":1,"146":1,"147":1,"148":1,"149":1,"150":0,"151":1,"152":1,"153":0,"154":0,"155":0,"156":0,"157":12,"158":12,"159":1,"160":12,"161":1,"162":12,"163":40,"164":3,"165":0,"166":0,"167":0,"168":0,"169":0,"170":0,"171":0,"172":7,"173":7,"174":7,"175":7,"176":7,"177":7,"178":7,"179":1,"180":7,"181":1,"182":1,"183":1,"184":0,"185":1,"186":7,"187":1,"188":0,"189":1,"190":1,"191":1,"192":1,"193":1,"194":1,"195":1,"196":1,"197":0,"198":1,"199":7,"200":5,"201":7,"202":5,"203":7,"204":7,"205":7,"206":0,"207":0,"208":21,"209":0,"210":0,"211":1,"212":1,"213":1,"214":0,"215":0,"216":0,"217":0,"218":0,"219":0,"220":0,"221":0,"222":0,"223":0,"224":0,"225":0,"226":0,"227":0,"228":0,"229":0,"230":0,"231":0,"232":0,"233":0,"234":0,"235":0,"236":0,"237":0,"238":0,"239":0,"240":0,"241":0,"242":0,"243":0,"244":0,"245":0,"246":0,"247":0,"248":0,"249":0,"250":0,"251":0,"252":0,"253":0,"254":5,"255":4,"256":2,"257":2,"258":1,"259":0,"260":1,"261":1,"262":0,"263":0,"264":0,"265":0},"f":{"0":5,"1":5,"2":14,"3":4,"4":3,"5":75,"6":12,"7":19,"8":38,"9":0,"10":1,"11":0,"12":0,"13":4,"14":0,"15":10,"16":2,"17":2,"18":0,"19":6,"20":2,"21":0,"22":0,"23":0,"24":12,"25":8,"26":0,"27":16,"28":4,"29":0,"30":12,"31":1,"32":1,"33":1,"34":0,"35":0,"36":7,"37":1,"38":0,"39":3,"40":3,"41":3,"42":3,"43":3,"44":1,"45":1,"46":1,"47":1,"48":1,"49":1,"50":40,"51":3,"52":0,"53":0,"54":0,"55":0,"56":0,"57":0,"58":0,"59":7,"60":1,"61":1,"62":1,"63":1,"64":1,"65":5,"66":5,"67":0,"68":21,"69":0,"70":1,"71":1,"72":1,"73":0,"74":0,"75":0,"76":0,"77":0,"78":0,"79":0,"80":0,"81":0,"82":0,"83":0,"84":0,"85":0,"86":0,"87":0,"88":0,"89":0,"90":0,"91":0,"92":5,"93":0,"94":0,"95":0},"b":{"0":[5,0],"1":[0,0],"2":[1,4],"3":[0,4],"4":[0],"5":[3],"6":[55],"7":[12,4],"8":[0,19],"9":[7,12],"10":[19,19],"11":[19,19],"12":[19,19],"13":[19,0],"14":[1,1],"15":[4,0],"16":[4,4,4],"17":[4,0],"18":[4,4],"19":[4,0],"20":[4,1],"21":[4,4,0],"22":[0,0],"23":[0,0],"24":[0,0],"25":[0,0],"26":[0,0],"27":[0,0],"28":[0,0,0],"29":[2,8],"30":[8,4],"31":[4,4],"32":[4,4],"33":[4,4],"34":[4,4],"35":[0,8],"36":[8,4],"37":[0,0],"38":[0,0],"39":[8,0],"40":[0,8],"41":[2,6],"42":[2,6],"43":[0,2],"44":[0,6],"45":[8,0],"46":[8,4],"47":[0,4],"48":[8,4],"49":[0,1],"50":[1,0],"51":[1],"52":[0,1],"53":[0,1],"54":[0,0],"55":[0,0],"56":[0,1],"57":[2],"58":[0,3],"59":[1,2],"60":[1,1],"61":[1,0],"62":[1,0],"63":[1,0],"64":[12,12],"65":[15,25],"66":[40,25],"67":[15,25],"68":[15,25],"69":[12,3],"70":[0,0],"71":[12,0],"72":[0,0],"73":[0,0],"74":[0,0],"75":[0,0],"76":[0,0],"77":[0,0],"78":[0,0],"79":[0,1],"80":[1,0],"81":[7,0],"82":[1,6],"83":[4,2],"84":[4,3],"85":[1,2],"86":[2,0],"87":[2,1],"88":[0,0],"89":[0,0],"90":[0,0],"91":[0,0],"92":[0,0],"93":[0,0],"94":[0,0,0],"95":[0,0,0],"96":[0,0],"97":[0,0],"98":[0,0],"99":[0,0],"100":[0,0],"101":[2,2],"102":[1,1],"103":[1,0],"104":[0,0]},"_coverageSchema":"1a1c01bbd47fc00a2c39e90264f33305004495a9","hash":"ee4d4b320b3f31732069232664d3d31f8d4549be"}
}
