TN:
SF:src\App.jsx
FN:26,(anonymous_0)
FN:27,(anonymous_1)
FN:29,(anonymous_2)
FN:34,(anonymous_3)
FN:39,(anonymous_4)
FN:40,(anonymous_5)
FN:43,(anonymous_6)
FN:48,Shell
FN:63,(anonymous_8)
FN:64,(anonymous_9)
FN:90,TicketCard
FN:95,(anonymous_11)
FN:96,(anonymous_12)
FN:112,TicketDetail
FN:160,(anonymous_14)
FN:187,LoginScreen
FN:201,(anonymous_16)
FN:207,(anonymous_17)
FN:210,(anonymous_18)
FN:234,(anonymous_19)
FN:235,(anonymous_20)
FN:239,(anonymous_21)
FN:240,(anonymous_22)
FN:253,(anonymous_23)
FN:255,(anonymous_24)
FN:259,(anonymous_25)
FN:260,(anonymous_26)
FN:276,(anonymous_27)
FN:280,(anonymous_28)
FN:281,(anonymous_29)
FN:309,CustomerPortal
FN:321,(anonymous_31)
FN:322,(anonymous_32)
FN:323,(anonymous_33)
FN:325,(anonymous_34)
FN:326,(anonymous_35)
FN:328,(anonymous_36)
FN:329,(anonymous_37)
FN:336,(anonymous_38)
FN:346,(anonymous_39)
FN:348,(anonymous_40)
FN:348,(anonymous_41)
FN:350,(anonymous_42)
FN:352,(anonymous_43)
FN:357,(anonymous_44)
FN:365,(anonymous_45)
FN:366,(anonymous_46)
FN:368,(anonymous_47)
FN:380,(anonymous_48)
FN:381,(anonymous_49)
FN:393,(anonymous_50)
FN:421,(anonymous_51)
FN:422,(anonymous_52)
FN:437,(anonymous_53)
FN:445,(anonymous_54)
FN:454,(anonymous_55)
FN:455,(anonymous_56)
FN:469,(anonymous_57)
FN:471,(anonymous_58)
FN:494,SupportPortal
FN:501,(anonymous_60)
FN:502,(anonymous_61)
FN:508,(anonymous_62)
FN:512,(anonymous_63)
FN:512,(anonymous_64)
FN:517,(anonymous_65)
FN:518,(anonymous_66)
FN:523,(anonymous_67)
FN:526,(anonymous_68)
FN:536,(anonymous_69)
FN:541,(anonymous_70)
FN:556,(anonymous_71)
FN:556,(anonymous_72)
FN:565,AdminPortal
FN:572,(anonymous_74)
FN:573,(anonymous_75)
FN:579,(anonymous_76)
FN:581,(anonymous_77)
FN:582,(anonymous_78)
FN:583,(anonymous_79)
FN:588,(anonymous_80)
FN:597,(anonymous_81)
FN:608,(anonymous_82)
FN:610,(anonymous_83)
FN:622,(anonymous_84)
FN:627,(anonymous_85)
FN:627,(anonymous_86)
FN:639,(anonymous_87)
FN:653,(anonymous_88)
FN:654,(anonymous_89)
FN:655,(anonymous_90)
FN:668,(anonymous_91)
FN:686,App
FN:689,(anonymous_93)
FN:690,(anonymous_94)
FN:691,(anonymous_95)
FNF:96
FNH:52
FNDA:5,(anonymous_0)
FNDA:5,(anonymous_1)
FNDA:14,(anonymous_2)
FNDA:4,(anonymous_3)
FNDA:3,(anonymous_4)
FNDA:75,(anonymous_5)
FNDA:12,(anonymous_6)
FNDA:19,Shell
FNDA:38,(anonymous_8)
FNDA:0,(anonymous_9)
FNDA:1,TicketCard
FNDA:0,(anonymous_11)
FNDA:0,(anonymous_12)
FNDA:4,TicketDetail
FNDA:0,(anonymous_14)
FNDA:10,LoginScreen
FNDA:2,(anonymous_16)
FNDA:2,(anonymous_17)
FNDA:0,(anonymous_18)
FNDA:6,(anonymous_19)
FNDA:2,(anonymous_20)
FNDA:0,(anonymous_21)
FNDA:0,(anonymous_22)
FNDA:0,(anonymous_23)
FNDA:12,(anonymous_24)
FNDA:8,(anonymous_25)
FNDA:0,(anonymous_26)
FNDA:16,(anonymous_27)
FNDA:4,(anonymous_28)
FNDA:0,(anonymous_29)
FNDA:12,CustomerPortal
FNDA:1,(anonymous_31)
FNDA:1,(anonymous_32)
FNDA:1,(anonymous_33)
FNDA:0,(anonymous_34)
FNDA:0,(anonymous_35)
FNDA:7,(anonymous_36)
FNDA:1,(anonymous_37)
FNDA:0,(anonymous_38)
FNDA:3,(anonymous_39)
FNDA:3,(anonymous_40)
FNDA:3,(anonymous_41)
FNDA:3,(anonymous_42)
FNDA:3,(anonymous_43)
FNDA:1,(anonymous_44)
FNDA:1,(anonymous_45)
FNDA:1,(anonymous_46)
FNDA:1,(anonymous_47)
FNDA:1,(anonymous_48)
FNDA:1,(anonymous_49)
FNDA:40,(anonymous_50)
FNDA:3,(anonymous_51)
FNDA:0,(anonymous_52)
FNDA:0,(anonymous_53)
FNDA:0,(anonymous_54)
FNDA:0,(anonymous_55)
FNDA:0,(anonymous_56)
FNDA:0,(anonymous_57)
FNDA:0,(anonymous_58)
FNDA:7,SupportPortal
FNDA:1,(anonymous_60)
FNDA:1,(anonymous_61)
FNDA:1,(anonymous_62)
FNDA:1,(anonymous_63)
FNDA:1,(anonymous_64)
FNDA:5,(anonymous_65)
FNDA:5,(anonymous_66)
FNDA:0,(anonymous_67)
FNDA:21,(anonymous_68)
FNDA:0,(anonymous_69)
FNDA:1,(anonymous_70)
FNDA:1,(anonymous_71)
FNDA:1,(anonymous_72)
FNDA:0,AdminPortal
FNDA:0,(anonymous_74)
FNDA:0,(anonymous_75)
FNDA:0,(anonymous_76)
FNDA:0,(anonymous_77)
FNDA:0,(anonymous_78)
FNDA:0,(anonymous_79)
FNDA:0,(anonymous_80)
FNDA:0,(anonymous_81)
FNDA:0,(anonymous_82)
FNDA:0,(anonymous_83)
FNDA:0,(anonymous_84)
FNDA:0,(anonymous_85)
FNDA:0,(anonymous_86)
FNDA:0,(anonymous_87)
FNDA:0,(anonymous_88)
FNDA:0,(anonymous_89)
FNDA:0,(anonymous_90)
FNDA:0,(anonymous_91)
FNDA:5,App
FNDA:0,(anonymous_93)
FNDA:0,(anonymous_94)
FNDA:0,(anonymous_95)
DA:4,1
DA:11,1
DA:26,5
DA:27,5
DA:29,1
DA:30,14
DA:34,1
DA:35,4
DA:39,3
DA:40,1
DA:41,75
DA:43,1
DA:44,12
DA:49,19
DA:50,19
DA:64,38
DA:91,1
DA:95,0
DA:96,0
DA:113,4
DA:161,0
DA:188,10
DA:189,10
DA:190,10
DA:191,10
DA:192,10
DA:193,10
DA:194,10
DA:195,10
DA:196,10
DA:201,10
DA:202,2
DA:203,2
DA:204,0
DA:205,2
DA:207,10
DA:208,2
DA:210,10
DA:211,0
DA:212,0
DA:213,0
DA:214,0
DA:216,10
DA:235,6
DA:239,0
DA:240,0
DA:253,0
DA:255,12
DA:260,8
DA:277,16
DA:280,4
DA:281,0
DA:310,12
DA:311,12
DA:312,12
DA:313,12
DA:314,12
DA:315,12
DA:316,12
DA:317,12
DA:318,12
DA:319,12
DA:320,12
DA:321,12
DA:322,12
DA:323,12
DA:324,1
DA:325,0
DA:326,0
DA:328,12
DA:329,12
DA:330,1
DA:331,1
DA:332,1
DA:333,1
DA:334,1
DA:335,1
DA:336,0
DA:337,0
DA:340,0
DA:342,1
DA:343,1
DA:346,12
DA:347,3
DA:348,3
DA:350,12
DA:351,3
DA:352,3
DA:353,3
DA:354,1
DA:355,1
DA:356,2
DA:357,1
DA:358,1
DA:359,1
DA:360,1
DA:361,1
DA:362,1
DA:363,1
DA:364,1
DA:365,1
DA:366,1
DA:367,1
DA:368,1
DA:371,0
DA:372,1
DA:374,0
DA:375,0
DA:377,0
DA:379,12
DA:380,12
DA:381,12
DA:382,12
DA:394,40
DA:421,3
DA:422,0
DA:437,0
DA:445,0
DA:455,0
DA:470,0
DA:471,0
DA:495,7
DA:496,7
DA:497,7
DA:498,7
DA:499,7
DA:500,7
DA:501,7
DA:502,7
DA:503,1
DA:504,1
DA:505,0
DA:506,1
DA:508,7
DA:509,1
DA:510,1
DA:511,1
DA:512,1
DA:513,1
DA:514,0
DA:515,1
DA:517,7
DA:518,7
DA:519,7
DA:520,7
DA:521,7
DA:523,0
DA:527,21
DA:536,0
DA:541,1
DA:556,1
DA:566,0
DA:567,0
DA:568,0
DA:569,0
DA:570,0
DA:571,0
DA:572,0
DA:573,0
DA:574,0
DA:575,0
DA:576,0
DA:577,0
DA:579,0
DA:580,0
DA:581,0
DA:582,0
DA:583,0
DA:585,0
DA:586,0
DA:588,0
DA:598,0
DA:609,0
DA:610,0
DA:622,0
DA:627,0
DA:639,0
DA:654,0
DA:655,0
DA:656,0
DA:668,0
DA:687,5
DA:688,4
DA:689,2
DA:690,1
DA:691,0
LF:186
LH:124
BRDA:26,0,0,5
BRDA:26,0,1,0
BRDA:26,1,0,0
BRDA:26,1,1,0
BRDA:27,2,0,1
BRDA:27,2,1,4
BRDA:27,3,0,0
BRDA:27,3,1,4
BRDA:29,4,0,0
BRDA:34,5,0,3
BRDA:40,6,0,55
BRDA:45,7,0,12
BRDA:45,7,1,4
BRDA:49,8,0,0
BRDA:49,8,1,19
BRDA:49,9,0,7
BRDA:49,9,1,12
BRDA:66,10,0,19
BRDA:66,10,1,19
BRDA:67,11,0,19
BRDA:67,11,1,19
BRDA:68,12,0,19
BRDA:68,12,1,19
BRDA:76,13,0,19
BRDA:76,13,1,0
BRDA:101,14,0,1
BRDA:101,14,1,1
BRDA:115,15,0,4
BRDA:115,15,1,0
BRDA:125,16,0,4
BRDA:125,16,1,4
BRDA:125,16,2,4
BRDA:129,17,0,4
BRDA:129,17,1,0
BRDA:141,18,0,4
BRDA:141,18,1,4
BRDA:143,19,0,4
BRDA:143,19,1,0
BRDA:149,20,0,4
BRDA:149,20,1,1
BRDA:157,21,0,4
BRDA:157,21,1,4
BRDA:157,21,2,0
BRDA:163,22,0,0
BRDA:163,22,1,0
BRDA:164,23,0,0
BRDA:164,23,1,0
BRDA:166,24,0,0
BRDA:166,24,1,0
BRDA:168,25,0,0
BRDA:168,25,1,0
BRDA:174,26,0,0
BRDA:174,26,1,0
BRDA:175,27,0,0
BRDA:175,27,1,0
BRDA:177,28,0,0
BRDA:177,28,1,0
BRDA:177,28,2,0
BRDA:231,29,0,2
BRDA:231,29,1,8
BRDA:257,30,0,8
BRDA:257,30,1,4
BRDA:262,31,0,4
BRDA:262,31,1,4
BRDA:263,32,0,4
BRDA:263,32,1,4
BRDA:264,33,0,4
BRDA:264,33,1,4
BRDA:265,34,0,4
BRDA:265,34,1,4
BRDA:271,35,0,0
BRDA:271,35,1,8
BRDA:271,36,0,8
BRDA:271,36,1,4
BRDA:281,37,0,0
BRDA:281,37,1,0
BRDA:281,38,0,0
BRDA:281,38,1,0
BRDA:286,39,0,8
BRDA:286,39,1,0
BRDA:287,40,0,0
BRDA:287,40,1,8
BRDA:288,41,0,2
BRDA:288,41,1,6
BRDA:291,42,0,2
BRDA:291,42,1,6
BRDA:291,43,0,0
BRDA:291,43,1,2
BRDA:291,44,0,0
BRDA:291,44,1,6
BRDA:297,45,0,8
BRDA:297,45,1,0
BRDA:298,46,0,8
BRDA:298,46,1,4
BRDA:298,47,0,0
BRDA:298,47,1,4
BRDA:299,48,0,8
BRDA:299,48,1,4
BRDA:322,49,0,0
BRDA:322,49,1,1
BRDA:324,50,0,1
BRDA:324,50,1,0
BRDA:329,51,0,1
BRDA:330,52,0,0
BRDA:330,52,1,1
BRDA:335,53,0,0
BRDA:335,53,1,1
BRDA:336,54,0,0
BRDA:336,54,1,0
BRDA:337,55,0,0
BRDA:337,55,1,0
BRDA:342,56,0,0
BRDA:342,56,1,1
BRDA:346,57,0,2
BRDA:351,58,0,0
BRDA:351,58,1,3
BRDA:353,59,0,1
BRDA:353,59,1,2
BRDA:356,60,0,1
BRDA:356,60,1,1
BRDA:359,61,0,1
BRDA:359,61,1,0
BRDA:360,62,0,1
BRDA:360,62,1,0
BRDA:369,63,0,1
BRDA:369,63,1,0
BRDA:384,64,0,12
BRDA:384,64,1,12
BRDA:394,65,0,15
BRDA:394,65,1,25
BRDA:395,66,0,40
BRDA:395,66,1,25
BRDA:402,67,0,15
BRDA:402,67,1,25
BRDA:403,68,0,15
BRDA:403,68,1,25
BRDA:407,69,0,12
BRDA:407,69,1,3
BRDA:422,70,0,0
BRDA:422,70,1,0
BRDA:432,71,0,12
BRDA:432,71,1,0
BRDA:436,72,0,0
BRDA:436,72,1,0
BRDA:440,73,0,0
BRDA:440,73,1,0
BRDA:444,74,0,0
BRDA:444,74,1,0
BRDA:445,75,0,0
BRDA:445,75,1,0
BRDA:457,76,0,0
BRDA:457,76,1,0
BRDA:475,77,0,0
BRDA:475,77,1,0
BRDA:480,78,0,0
BRDA:480,78,1,0
BRDA:509,79,0,0
BRDA:509,79,1,1
BRDA:512,80,0,1
BRDA:512,80,1,0
BRDA:519,81,0,7
BRDA:519,81,1,0
BRDA:533,82,0,1
BRDA:533,82,1,6
BRDA:534,83,0,4
BRDA:534,83,1,2
BRDA:538,84,0,4
BRDA:538,84,1,3
BRDA:548,85,0,1
BRDA:548,85,1,2
BRDA:555,86,0,2
BRDA:555,86,1,0
BRDA:557,87,0,2
BRDA:557,87,1,1
BRDA:590,88,0,0
BRDA:590,88,1,0
BRDA:606,89,0,0
BRDA:606,89,1,0
BRDA:616,90,0,0
BRDA:616,90,1,0
BRDA:619,91,0,0
BRDA:619,91,1,0
BRDA:620,92,0,0
BRDA:620,92,1,0
BRDA:632,93,0,0
BRDA:632,93,1,0
BRDA:644,94,0,0
BRDA:644,94,1,0
BRDA:644,94,2,0
BRDA:645,95,0,0
BRDA:645,95,1,0
BRDA:645,95,2,0
BRDA:648,96,0,0
BRDA:648,96,1,0
BRDA:651,97,0,0
BRDA:651,97,1,0
BRDA:654,98,0,0
BRDA:654,98,1,0
BRDA:655,99,0,0
BRDA:655,99,1,0
BRDA:668,100,0,0
BRDA:668,100,1,0
BRDA:688,101,0,2
BRDA:688,101,1,2
BRDA:689,102,0,1
BRDA:689,102,1,1
BRDA:690,103,0,1
BRDA:690,103,1,0
BRDA:691,104,0,0
BRDA:691,104,1,0
BRF:210
BRH:108
end_of_record
